/!\ FAILSAFE /!\  Thu May 06 19:50:04 -0400 2010
  Status: 500 Internal Server Error
  no such file to load -- sqlite3
    /Users/iHope/.rvm/rubies/ruby-1.8.7-p249/lib/ruby/site_ruby/1.8/rubygems/custom_require.rb:31:in `gem_original_require'
    /Users/iHope/.rvm/rubies/ruby-1.8.7-p249/lib/ruby/site_ruby/1.8/rubygems/custom_require.rb:31:in `require'
    /Users/iHope/.rvm/gems/ruby-1.8.7-p249/gems/activesupport-2.3.5/lib/active_support/dependencies.rb:156:in `require'
    /Users/iHope/.rvm/gems/ruby-1.8.7-p249/gems/activesupport-2.3.5/lib/active_support/dependencies.rb:521:in `new_constants_in'
    /Users/iHope/.rvm/gems/ruby-1.8.7-p249/gems/activesupport-2.3.5/lib/active_support/dependencies.rb:156:in `require'
    /Users/iHope/.rvm/gems/ruby-1.8.7-p249/gems/activesupport-2.3.5/lib/active_support/core_ext/kernel/requires.rb:7:in `require_library_or_gem'
    /Users/iHope/.rvm/gems/ruby-1.8.7-p249/gems/activesupport-2.3.5/lib/active_support/core_ext/kernel/reporting.rb:11:in `silence_warnings'
    /Users/iHope/.rvm/gems/ruby-1.8.7-p249/gems/activesupport-2.3.5/lib/active_support/core_ext/kernel/requires.rb:5:in `require_library_or_gem'
    /Users/iHope/.rvm/gems/ruby-1.8.7-p249/gems/activerecord-2.3.5/lib/active_record/connection_adapters/sqlite3_adapter.rb:10:in `sqlite3_connection'
    /Users/iHope/.rvm/gems/ruby-1.8.7-p249/gems/activerecord-2.3.5/lib/active_record/connection_adapters/abstract/connection_pool.rb:223:in `send'
    /Users/iHope/.rvm/gems/ruby-1.8.7-p249/gems/activerecord-2.3.5/lib/active_record/connection_adapters/abstract/connection_pool.rb:223:in `new_connection'
    /Users/iHope/.rvm/gems/ruby-1.8.7-p249/gems/activerecord-2.3.5/lib/active_record/connection_adapters/abstract/connection_pool.rb:245:in `checkout_new_connection'
    /Users/iHope/.rvm/gems/ruby-1.8.7-p249/gems/activerecord-2.3.5/lib/active_record/connection_adapters/abstract/connection_pool.rb:188:in `checkout'
    /Users/iHope/.rvm/gems/ruby-1.8.7-p249/gems/activerecord-2.3.5/lib/active_record/connection_adapters/abstract/connection_pool.rb:184:in `loop'
    /Users/iHope/.rvm/gems/ruby-1.8.7-p249/gems/activerecord-2.3.5/lib/active_record/connection_adapters/abstract/connection_pool.rb:184:in `checkout'
    /Users/iHope/.rvm/rubies/ruby-1.8.7-p249/lib/ruby/1.8/monitor.rb:242:in `synchronize'
    /Users/iHope/.rvm/gems/ruby-1.8.7-p249/gems/activerecord-2.3.5/lib/active_record/connection_adapters/abstract/connection_pool.rb:183:in `checkout'
    /Users/iHope/.rvm/gems/ruby-1.8.7-p249/gems/activerecord-2.3.5/lib/active_record/connection_adapters/abstract/connection_pool.rb:98:in `connection'
    /Users/iHope/.rvm/gems/ruby-1.8.7-p249/gems/activerecord-2.3.5/lib/active_record/connection_adapters/abstract/connection_pool.rb:326:in `retrieve_connection'
    /Users/iHope/.rvm/gems/ruby-1.8.7-p249/gems/activerecord-2.3.5/lib/active_record/connection_adapters/abstract/connection_specification.rb:123:in `retrieve_connection'
    /Users/iHope/.rvm/gems/ruby-1.8.7-p249/gems/activerecord-2.3.5/lib/active_record/connection_adapters/abstract/connection_specification.rb:115:in `connection'
    /Users/iHope/.rvm/gems/ruby-1.8.7-p249/gems/activerecord-2.3.5/lib/active_record/query_cache.rb:9:in `cache'
    /Users/iHope/.rvm/gems/ruby-1.8.7-p249/gems/activerecord-2.3.5/lib/active_record/query_cache.rb:28:in `call'
    /Users/iHope/.rvm/gems/ruby-1.8.7-p249/gems/activerecord-2.3.5/lib/active_record/connection_adapters/abstract/connection_pool.rb:361:in `call'
    /Users/iHope/.rvm/gems/ruby-1.8.7-p249/gems/actionpack-2.3.5/lib/action_controller/string_coercion.rb:25:in `call'
    /Users/iHope/.rvm/gems/ruby-1.8.7-p249/gems/rack-1.0.1/lib/rack/head.rb:9:in `call'
    /Users/iHope/.rvm/gems/ruby-1.8.7-p249/gems/rack-1.0.1/lib/rack/methodoverride.rb:24:in `call'
    /Users/iHope/.rvm/gems/ruby-1.8.7-p249/gems/actionpack-2.3.5/lib/action_controller/params_parser.rb:15:in `call'
    /Users/iHope/.rvm/gems/ruby-1.8.7-p249/gems/actionpack-2.3.5/lib/action_controller/session/cookie_store.rb:93:in `call'
    /Users/iHope/.rvm/gems/ruby-1.8.7-p249/gems/actionpack-2.3.5/lib/action_controller/failsafe.rb:26:in `call'
    /Users/iHope/.rvm/gems/ruby-1.8.7-p249/gems/rack-1.0.1/lib/rack/lock.rb:11:in `call'
    /Users/iHope/.rvm/gems/ruby-1.8.7-p249/gems/rack-1.0.1/lib/rack/lock.rb:11:in `synchronize'
    /Users/iHope/.rvm/gems/ruby-1.8.7-p249/gems/rack-1.0.1/lib/rack/lock.rb:11:in `call'
    /Users/iHope/.rvm/gems/ruby-1.8.7-p249/gems/actionpack-2.3.5/lib/action_controller/dispatcher.rb:114:in `call'
    /Users/iHope/.rvm/gems/ruby-1.8.7-p249/gems/actionpack-2.3.5/lib/action_controller/reloader.rb:34:in `run'
    /Users/iHope/.rvm/gems/ruby-1.8.7-p249/gems/actionpack-2.3.5/lib/action_controller/dispatcher.rb:108:in `call'
    /Users/iHope/.rvm/gems/ruby-1.8.7-p249/gems/rails-2.3.5/lib/rails/rack/static.rb:31:in `call'
    /Users/iHope/.rvm/gems/ruby-1.8.7-p249/gems/rack-1.0.1/lib/rack/urlmap.rb:46:in `call'
    /Users/iHope/.rvm/gems/ruby-1.8.7-p249/gems/rack-1.0.1/lib/rack/urlmap.rb:40:in `each'
    /Users/iHope/.rvm/gems/ruby-1.8.7-p249/gems/rack-1.0.1/lib/rack/urlmap.rb:40:in `call'
    /Users/iHope/.rvm/gems/ruby-1.8.7-p249/gems/rails-2.3.5/lib/rails/rack/log_tailer.rb:17:in `call'
    /Users/iHope/.rvm/gems/ruby-1.8.7-p249/gems/rack-1.0.1/lib/rack/content_length.rb:13:in `call'
    /Users/iHope/.rvm/gems/ruby-1.8.7-p249/gems/rack-1.0.1/lib/rack/handler/webrick.rb:50:in `service'
    /Users/iHope/.rvm/rubies/ruby-1.8.7-p249/lib/ruby/1.8/webrick/httpserver.rb:104:in `service'
    /Users/iHope/.rvm/rubies/ruby-1.8.7-p249/lib/ruby/1.8/webrick/httpserver.rb:65:in `run'
    /Users/iHope/.rvm/rubies/ruby-1.8.7-p249/lib/ruby/1.8/webrick/server.rb:173:in `start_thread'
    /Users/iHope/.rvm/rubies/ruby-1.8.7-p249/lib/ruby/1.8/webrick/server.rb:162:in `start'
    /Users/iHope/.rvm/rubies/ruby-1.8.7-p249/lib/ruby/1.8/webrick/server.rb:162:in `start_thread'
    /Users/iHope/.rvm/rubies/ruby-1.8.7-p249/lib/ruby/1.8/webrick/server.rb:95:in `start'
    /Users/iHope/.rvm/rubies/ruby-1.8.7-p249/lib/ruby/1.8/webrick/server.rb:92:in `each'
    /Users/iHope/.rvm/rubies/ruby-1.8.7-p249/lib/ruby/1.8/webrick/server.rb:92:in `start'
    /Users/iHope/.rvm/rubies/ruby-1.8.7-p249/lib/ruby/1.8/webrick/server.rb:23:in `start'
    /Users/iHope/.rvm/rubies/ruby-1.8.7-p249/lib/ruby/1.8/webrick/server.rb:82:in `start'
    /Users/iHope/.rvm/gems/ruby-1.8.7-p249/gems/rack-1.0.1/lib/rack/handler/webrick.rb:14:in `run'
    /Users/iHope/.rvm/gems/ruby-1.8.7-p249/gems/rails-2.3.5/lib/commands/server.rb:111
    /Users/iHope/.rvm/rubies/ruby-1.8.7-p249/lib/ruby/site_ruby/1.8/rubygems/custom_require.rb:31:in `gem_original_require'
    /Users/iHope/.rvm/rubies/ruby-1.8.7-p249/lib/ruby/site_ruby/1.8/rubygems/custom_require.rb:31:in `require'
    script/server:3
/!\ FAILSAFE /!\  Thu May 06 19:50:07 -0400 2010
  Status: 500 Internal Server Error
  no such file to load -- sqlite3
    /Users/iHope/.rvm/rubies/ruby-1.8.7-p249/lib/ruby/site_ruby/1.8/rubygems/custom_require.rb:31:in `gem_original_require'
    /Users/iHope/.rvm/rubies/ruby-1.8.7-p249/lib/ruby/site_ruby/1.8/rubygems/custom_require.rb:31:in `require'
    /Users/iHope/.rvm/gems/ruby-1.8.7-p249/gems/activesupport-2.3.5/lib/active_support/dependencies.rb:156:in `require'
    /Users/iHope/.rvm/gems/ruby-1.8.7-p249/gems/activesupport-2.3.5/lib/active_support/dependencies.rb:521:in `new_constants_in'
    /Users/iHope/.rvm/gems/ruby-1.8.7-p249/gems/activesupport-2.3.5/lib/active_support/dependencies.rb:156:in `require'
    /Users/iHope/.rvm/gems/ruby-1.8.7-p249/gems/activesupport-2.3.5/lib/active_support/core_ext/kernel/requires.rb:7:in `require_library_or_gem'
    /Users/iHope/.rvm/gems/ruby-1.8.7-p249/gems/activesupport-2.3.5/lib/active_support/core_ext/kernel/reporting.rb:11:in `silence_warnings'
    /Users/iHope/.rvm/gems/ruby-1.8.7-p249/gems/activesupport-2.3.5/lib/active_support/core_ext/kernel/requires.rb:5:in `require_library_or_gem'
    /Users/iHope/.rvm/gems/ruby-1.8.7-p249/gems/activerecord-2.3.5/lib/active_record/connection_adapters/sqlite3_adapter.rb:10:in `sqlite3_connection'
    /Users/iHope/.rvm/gems/ruby-1.8.7-p249/gems/activerecord-2.3.5/lib/active_record/connection_adapters/abstract/connection_pool.rb:223:in `send'
    /Users/iHope/.rvm/gems/ruby-1.8.7-p249/gems/activerecord-2.3.5/lib/active_record/connection_adapters/abstract/connection_pool.rb:223:in `new_connection'
    /Users/iHope/.rvm/gems/ruby-1.8.7-p249/gems/activerecord-2.3.5/lib/active_record/connection_adapters/abstract/connection_pool.rb:245:in `checkout_new_connection'
    /Users/iHope/.rvm/gems/ruby-1.8.7-p249/gems/activerecord-2.3.5/lib/active_record/connection_adapters/abstract/connection_pool.rb:188:in `checkout'
    /Users/iHope/.rvm/gems/ruby-1.8.7-p249/gems/activerecord-2.3.5/lib/active_record/connection_adapters/abstract/connection_pool.rb:184:in `loop'
    /Users/iHope/.rvm/gems/ruby-1.8.7-p249/gems/activerecord-2.3.5/lib/active_record/connection_adapters/abstract/connection_pool.rb:184:in `checkout'
    /Users/iHope/.rvm/rubies/ruby-1.8.7-p249/lib/ruby/1.8/monitor.rb:242:in `synchronize'
    /Users/iHope/.rvm/gems/ruby-1.8.7-p249/gems/activerecord-2.3.5/lib/active_record/connection_adapters/abstract/connection_pool.rb:183:in `checkout'
    /Users/iHope/.rvm/gems/ruby-1.8.7-p249/gems/activerecord-2.3.5/lib/active_record/connection_adapters/abstract/connection_pool.rb:98:in `connection'
    /Users/iHope/.rvm/gems/ruby-1.8.7-p249/gems/activerecord-2.3.5/lib/active_record/connection_adapters/abstract/connection_pool.rb:326:in `retrieve_connection'
    /Users/iHope/.rvm/gems/ruby-1.8.7-p249/gems/activerecord-2.3.5/lib/active_record/connection_adapters/abstract/connection_specification.rb:123:in `retrieve_connection'
    /Users/iHope/.rvm/gems/ruby-1.8.7-p249/gems/activerecord-2.3.5/lib/active_record/connection_adapters/abstract/connection_specification.rb:115:in `connection'
    /Users/iHope/.rvm/gems/ruby-1.8.7-p249/gems/activerecord-2.3.5/lib/active_record/query_cache.rb:9:in `cache'
    /Users/iHope/.rvm/gems/ruby-1.8.7-p249/gems/activerecord-2.3.5/lib/active_record/query_cache.rb:28:in `call'
    /Users/iHope/.rvm/gems/ruby-1.8.7-p249/gems/activerecord-2.3.5/lib/active_record/connection_adapters/abstract/connection_pool.rb:361:in `call'
    /Users/iHope/.rvm/gems/ruby-1.8.7-p249/gems/actionpack-2.3.5/lib/action_controller/string_coercion.rb:25:in `call'
    /Users/iHope/.rvm/gems/ruby-1.8.7-p249/gems/rack-1.0.1/lib/rack/head.rb:9:in `call'
    /Users/iHope/.rvm/gems/ruby-1.8.7-p249/gems/rack-1.0.1/lib/rack/methodoverride.rb:24:in `call'
    /Users/iHope/.rvm/gems/ruby-1.8.7-p249/gems/actionpack-2.3.5/lib/action_controller/params_parser.rb:15:in `call'
    /Users/iHope/.rvm/gems/ruby-1.8.7-p249/gems/actionpack-2.3.5/lib/action_controller/session/cookie_store.rb:93:in `call'
    /Users/iHope/.rvm/gems/ruby-1.8.7-p249/gems/actionpack-2.3.5/lib/action_controller/failsafe.rb:26:in `call'
    /Users/iHope/.rvm/gems/ruby-1.8.7-p249/gems/rack-1.0.1/lib/rack/lock.rb:11:in `call'
    /Users/iHope/.rvm/gems/ruby-1.8.7-p249/gems/rack-1.0.1/lib/rack/lock.rb:11:in `synchronize'
    /Users/iHope/.rvm/gems/ruby-1.8.7-p249/gems/rack-1.0.1/lib/rack/lock.rb:11:in `call'
    /Users/iHope/.rvm/gems/ruby-1.8.7-p249/gems/actionpack-2.3.5/lib/action_controller/dispatcher.rb:114:in `call'
    /Users/iHope/.rvm/gems/ruby-1.8.7-p249/gems/actionpack-2.3.5/lib/action_controller/reloader.rb:34:in `run'
    /Users/iHope/.rvm/gems/ruby-1.8.7-p249/gems/actionpack-2.3.5/lib/action_controller/dispatcher.rb:108:in `call'
    /Users/iHope/.rvm/gems/ruby-1.8.7-p249/gems/rails-2.3.5/lib/rails/rack/static.rb:31:in `call'
    /Users/iHope/.rvm/gems/ruby-1.8.7-p249/gems/rack-1.0.1/lib/rack/urlmap.rb:46:in `call'
    /Users/iHope/.rvm/gems/ruby-1.8.7-p249/gems/rack-1.0.1/lib/rack/urlmap.rb:40:in `each'
    /Users/iHope/.rvm/gems/ruby-1.8.7-p249/gems/rack-1.0.1/lib/rack/urlmap.rb:40:in `call'
    /Users/iHope/.rvm/gems/ruby-1.8.7-p249/gems/rails-2.3.5/lib/rails/rack/log_tailer.rb:17:in `call'
    /Users/iHope/.rvm/gems/ruby-1.8.7-p249/gems/rack-1.0.1/lib/rack/content_length.rb:13:in `call'
    /Users/iHope/.rvm/gems/ruby-1.8.7-p249/gems/rack-1.0.1/lib/rack/handler/webrick.rb:50:in `service'
    /Users/iHope/.rvm/rubies/ruby-1.8.7-p249/lib/ruby/1.8/webrick/httpserver.rb:104:in `service'
    /Users/iHope/.rvm/rubies/ruby-1.8.7-p249/lib/ruby/1.8/webrick/httpserver.rb:65:in `run'
    /Users/iHope/.rvm/rubies/ruby-1.8.7-p249/lib/ruby/1.8/webrick/server.rb:173:in `start_thread'
    /Users/iHope/.rvm/rubies/ruby-1.8.7-p249/lib/ruby/1.8/webrick/server.rb:162:in `start'
    /Users/iHope/.rvm/rubies/ruby-1.8.7-p249/lib/ruby/1.8/webrick/server.rb:162:in `start_thread'
    /Users/iHope/.rvm/rubies/ruby-1.8.7-p249/lib/ruby/1.8/webrick/server.rb:95:in `start'
    /Users/iHope/.rvm/rubies/ruby-1.8.7-p249/lib/ruby/1.8/webrick/server.rb:92:in `each'
    /Users/iHope/.rvm/rubies/ruby-1.8.7-p249/lib/ruby/1.8/webrick/server.rb:92:in `start'
    /Users/iHope/.rvm/rubies/ruby-1.8.7-p249/lib/ruby/1.8/webrick/server.rb:23:in `start'
    /Users/iHope/.rvm/rubies/ruby-1.8.7-p249/lib/ruby/1.8/webrick/server.rb:82:in `start'
    /Users/iHope/.rvm/gems/ruby-1.8.7-p249/gems/rack-1.0.1/lib/rack/handler/webrick.rb:14:in `run'
    /Users/iHope/.rvm/gems/ruby-1.8.7-p249/gems/rails-2.3.5/lib/commands/server.rb:111
    /Users/iHope/.rvm/rubies/ruby-1.8.7-p249/lib/ruby/site_ruby/1.8/rubygems/custom_require.rb:31:in `gem_original_require'
    /Users/iHope/.rvm/rubies/ruby-1.8.7-p249/lib/ruby/site_ruby/1.8/rubygems/custom_require.rb:31:in `require'
    script/server:3
/!\ FAILSAFE /!\  Thu May 06 19:50:10 -0400 2010
  Status: 500 Internal Server Error
  no such file to load -- sqlite3
    /Users/iHope/.rvm/rubies/ruby-1.8.7-p249/lib/ruby/site_ruby/1.8/rubygems/custom_require.rb:31:in `gem_original_require'
    /Users/iHope/.rvm/rubies/ruby-1.8.7-p249/lib/ruby/site_ruby/1.8/rubygems/custom_require.rb:31:in `require'
    /Users/iHope/.rvm/gems/ruby-1.8.7-p249/gems/activesupport-2.3.5/lib/active_support/dependencies.rb:156:in `require'
    /Users/iHope/.rvm/gems/ruby-1.8.7-p249/gems/activesupport-2.3.5/lib/active_support/dependencies.rb:521:in `new_constants_in'
    /Users/iHope/.rvm/gems/ruby-1.8.7-p249/gems/activesupport-2.3.5/lib/active_support/dependencies.rb:156:in `require'
    /Users/iHope/.rvm/gems/ruby-1.8.7-p249/gems/activesupport-2.3.5/lib/active_support/core_ext/kernel/requires.rb:7:in `require_library_or_gem'
    /Users/iHope/.rvm/gems/ruby-1.8.7-p249/gems/activesupport-2.3.5/lib/active_support/core_ext/kernel/reporting.rb:11:in `silence_warnings'
    /Users/iHope/.rvm/gems/ruby-1.8.7-p249/gems/activesupport-2.3.5/lib/active_support/core_ext/kernel/requires.rb:5:in `require_library_or_gem'
    /Users/iHope/.rvm/gems/ruby-1.8.7-p249/gems/activerecord-2.3.5/lib/active_record/connection_adapters/sqlite3_adapter.rb:10:in `sqlite3_connection'
    /Users/iHope/.rvm/gems/ruby-1.8.7-p249/gems/activerecord-2.3.5/lib/active_record/connection_adapters/abstract/connection_pool.rb:223:in `send'
    /Users/iHope/.rvm/gems/ruby-1.8.7-p249/gems/activerecord-2.3.5/lib/active_record/connection_adapters/abstract/connection_pool.rb:223:in `new_connection'
    /Users/iHope/.rvm/gems/ruby-1.8.7-p249/gems/activerecord-2.3.5/lib/active_record/connection_adapters/abstract/connection_pool.rb:245:in `checkout_new_connection'
    /Users/iHope/.rvm/gems/ruby-1.8.7-p249/gems/activerecord-2.3.5/lib/active_record/connection_adapters/abstract/connection_pool.rb:188:in `checkout'
    /Users/iHope/.rvm/gems/ruby-1.8.7-p249/gems/activerecord-2.3.5/lib/active_record/connection_adapters/abstract/connection_pool.rb:184:in `loop'
    /Users/iHope/.rvm/gems/ruby-1.8.7-p249/gems/activerecord-2.3.5/lib/active_record/connection_adapters/abstract/connection_pool.rb:184:in `checkout'
    /Users/iHope/.rvm/rubies/ruby-1.8.7-p249/lib/ruby/1.8/monitor.rb:242:in `synchronize'
    /Users/iHope/.rvm/gems/ruby-1.8.7-p249/gems/activerecord-2.3.5/lib/active_record/connection_adapters/abstract/connection_pool.rb:183:in `checkout'
    /Users/iHope/.rvm/gems/ruby-1.8.7-p249/gems/activerecord-2.3.5/lib/active_record/connection_adapters/abstract/connection_pool.rb:98:in `connection'
    /Users/iHope/.rvm/gems/ruby-1.8.7-p249/gems/activerecord-2.3.5/lib/active_record/connection_adapters/abstract/connection_pool.rb:326:in `retrieve_connection'
    /Users/iHope/.rvm/gems/ruby-1.8.7-p249/gems/activerecord-2.3.5/lib/active_record/connection_adapters/abstract/connection_specification.rb:123:in `retrieve_connection'
    /Users/iHope/.rvm/gems/ruby-1.8.7-p249/gems/activerecord-2.3.5/lib/active_record/connection_adapters/abstract/connection_specification.rb:115:in `connection'
    /Users/iHope/.rvm/gems/ruby-1.8.7-p249/gems/activerecord-2.3.5/lib/active_record/query_cache.rb:9:in `cache'
    /Users/iHope/.rvm/gems/ruby-1.8.7-p249/gems/activerecord-2.3.5/lib/active_record/query_cache.rb:28:in `call'
    /Users/iHope/.rvm/gems/ruby-1.8.7-p249/gems/activerecord-2.3.5/lib/active_record/connection_adapters/abstract/connection_pool.rb:361:in `call'
    /Users/iHope/.rvm/gems/ruby-1.8.7-p249/gems/actionpack-2.3.5/lib/action_controller/string_coercion.rb:25:in `call'
    /Users/iHope/.rvm/gems/ruby-1.8.7-p249/gems/rack-1.0.1/lib/rack/head.rb:9:in `call'
    /Users/iHope/.rvm/gems/ruby-1.8.7-p249/gems/rack-1.0.1/lib/rack/methodoverride.rb:24:in `call'
    /Users/iHope/.rvm/gems/ruby-1.8.7-p249/gems/actionpack-2.3.5/lib/action_controller/params_parser.rb:15:in `call'
    /Users/iHope/.rvm/gems/ruby-1.8.7-p249/gems/actionpack-2.3.5/lib/action_controller/session/cookie_store.rb:93:in `call'
    /Users/iHope/.rvm/gems/ruby-1.8.7-p249/gems/actionpack-2.3.5/lib/action_controller/failsafe.rb:26:in `call'
    /Users/iHope/.rvm/gems/ruby-1.8.7-p249/gems/rack-1.0.1/lib/rack/lock.rb:11:in `call'
    /Users/iHope/.rvm/gems/ruby-1.8.7-p249/gems/rack-1.0.1/lib/rack/lock.rb:11:in `synchronize'
    /Users/iHope/.rvm/gems/ruby-1.8.7-p249/gems/rack-1.0.1/lib/rack/lock.rb:11:in `call'
    /Users/iHope/.rvm/gems/ruby-1.8.7-p249/gems/actionpack-2.3.5/lib/action_controller/dispatcher.rb:114:in `call'
    /Users/iHope/.rvm/gems/ruby-1.8.7-p249/gems/actionpack-2.3.5/lib/action_controller/reloader.rb:34:in `run'
    /Users/iHope/.rvm/gems/ruby-1.8.7-p249/gems/actionpack-2.3.5/lib/action_controller/dispatcher.rb:108:in `call'
    /Users/iHope/.rvm/gems/ruby-1.8.7-p249/gems/rails-2.3.5/lib/rails/rack/static.rb:31:in `call'
    /Users/iHope/.rvm/gems/ruby-1.8.7-p249/gems/rack-1.0.1/lib/rack/urlmap.rb:46:in `call'
    /Users/iHope/.rvm/gems/ruby-1.8.7-p249/gems/rack-1.0.1/lib/rack/urlmap.rb:40:in `each'
    /Users/iHope/.rvm/gems/ruby-1.8.7-p249/gems/rack-1.0.1/lib/rack/urlmap.rb:40:in `call'
    /Users/iHope/.rvm/gems/ruby-1.8.7-p249/gems/rails-2.3.5/lib/rails/rack/log_tailer.rb:17:in `call'
    /Users/iHope/.rvm/gems/ruby-1.8.7-p249/gems/rack-1.0.1/lib/rack/content_length.rb:13:in `call'
    /Users/iHope/.rvm/gems/ruby-1.8.7-p249/gems/rack-1.0.1/lib/rack/handler/webrick.rb:50:in `service'
    /Users/iHope/.rvm/rubies/ruby-1.8.7-p249/lib/ruby/1.8/webrick/httpserver.rb:104:in `service'
    /Users/iHope/.rvm/rubies/ruby-1.8.7-p249/lib/ruby/1.8/webrick/httpserver.rb:65:in `run'
    /Users/iHope/.rvm/rubies/ruby-1.8.7-p249/lib/ruby/1.8/webrick/server.rb:173:in `start_thread'
    /Users/iHope/.rvm/rubies/ruby-1.8.7-p249/lib/ruby/1.8/webrick/server.rb:162:in `start'
    /Users/iHope/.rvm/rubies/ruby-1.8.7-p249/lib/ruby/1.8/webrick/server.rb:162:in `start_thread'
    /Users/iHope/.rvm/rubies/ruby-1.8.7-p249/lib/ruby/1.8/webrick/server.rb:95:in `start'
    /Users/iHope/.rvm/rubies/ruby-1.8.7-p249/lib/ruby/1.8/webrick/server.rb:92:in `each'
    /Users/iHope/.rvm/rubies/ruby-1.8.7-p249/lib/ruby/1.8/webrick/server.rb:92:in `start'
    /Users/iHope/.rvm/rubies/ruby-1.8.7-p249/lib/ruby/1.8/webrick/server.rb:23:in `start'
    /Users/iHope/.rvm/rubies/ruby-1.8.7-p249/lib/ruby/1.8/webrick/server.rb:82:in `start'
    /Users/iHope/.rvm/gems/ruby-1.8.7-p249/gems/rack-1.0.1/lib/rack/handler/webrick.rb:14:in `run'
    /Users/iHope/.rvm/gems/ruby-1.8.7-p249/gems/rails-2.3.5/lib/commands/server.rb:111
    /Users/iHope/.rvm/rubies/ruby-1.8.7-p249/lib/ruby/site_ruby/1.8/rubygems/custom_require.rb:31:in `gem_original_require'
    /Users/iHope/.rvm/rubies/ruby-1.8.7-p249/lib/ruby/site_ruby/1.8/rubygems/custom_require.rb:31:in `require'
    script/server:3
/!\ FAILSAFE /!\  Thu May 06 19:51:41 -0400 2010
  Status: 500 Internal Server Error
  no such file to load -- sqlite3
    /Users/iHope/.rvm/rubies/ruby-1.8.7-p249/lib/ruby/site_ruby/1.8/rubygems/custom_require.rb:31:in `gem_original_require'
    /Users/iHope/.rvm/rubies/ruby-1.8.7-p249/lib/ruby/site_ruby/1.8/rubygems/custom_require.rb:31:in `require'
    /Users/iHope/.rvm/gems/ruby-1.8.7-p249/gems/activesupport-2.3.5/lib/active_support/dependencies.rb:156:in `require'
    /Users/iHope/.rvm/gems/ruby-1.8.7-p249/gems/activesupport-2.3.5/lib/active_support/dependencies.rb:521:in `new_constants_in'
    /Users/iHope/.rvm/gems/ruby-1.8.7-p249/gems/activesupport-2.3.5/lib/active_support/dependencies.rb:156:in `require'
    /Users/iHope/.rvm/gems/ruby-1.8.7-p249/gems/activesupport-2.3.5/lib/active_support/core_ext/kernel/requires.rb:7:in `require_library_or_gem'
    /Users/iHope/.rvm/gems/ruby-1.8.7-p249/gems/activesupport-2.3.5/lib/active_support/core_ext/kernel/reporting.rb:11:in `silence_warnings'
    /Users/iHope/.rvm/gems/ruby-1.8.7-p249/gems/activesupport-2.3.5/lib/active_support/core_ext/kernel/requires.rb:5:in `require_library_or_gem'
    /Users/iHope/.rvm/gems/ruby-1.8.7-p249/gems/activerecord-2.3.5/lib/active_record/connection_adapters/sqlite3_adapter.rb:10:in `sqlite3_connection'
    /Users/iHope/.rvm/gems/ruby-1.8.7-p249/gems/activerecord-2.3.5/lib/active_record/connection_adapters/abstract/connection_pool.rb:223:in `send'
    /Users/iHope/.rvm/gems/ruby-1.8.7-p249/gems/activerecord-2.3.5/lib/active_record/connection_adapters/abstract/connection_pool.rb:223:in `new_connection'
    /Users/iHope/.rvm/gems/ruby-1.8.7-p249/gems/activerecord-2.3.5/lib/active_record/connection_adapters/abstract/connection_pool.rb:245:in `checkout_new_connection'
    /Users/iHope/.rvm/gems/ruby-1.8.7-p249/gems/activerecord-2.3.5/lib/active_record/connection_adapters/abstract/connection_pool.rb:188:in `checkout'
    /Users/iHope/.rvm/gems/ruby-1.8.7-p249/gems/activerecord-2.3.5/lib/active_record/connection_adapters/abstract/connection_pool.rb:184:in `loop'
    /Users/iHope/.rvm/gems/ruby-1.8.7-p249/gems/activerecord-2.3.5/lib/active_record/connection_adapters/abstract/connection_pool.rb:184:in `checkout'
    /Users/iHope/.rvm/rubies/ruby-1.8.7-p249/lib/ruby/1.8/monitor.rb:242:in `synchronize'
    /Users/iHope/.rvm/gems/ruby-1.8.7-p249/gems/activerecord-2.3.5/lib/active_record/connection_adapters/abstract/connection_pool.rb:183:in `checkout'
    /Users/iHope/.rvm/gems/ruby-1.8.7-p249/gems/activerecord-2.3.5/lib/active_record/connection_adapters/abstract/connection_pool.rb:98:in `connection'
    /Users/iHope/.rvm/gems/ruby-1.8.7-p249/gems/activerecord-2.3.5/lib/active_record/connection_adapters/abstract/connection_pool.rb:326:in `retrieve_connection'
    /Users/iHope/.rvm/gems/ruby-1.8.7-p249/gems/activerecord-2.3.5/lib/active_record/connection_adapters/abstract/connection_specification.rb:123:in `retrieve_connection'
    /Users/iHope/.rvm/gems/ruby-1.8.7-p249/gems/activerecord-2.3.5/lib/active_record/connection_adapters/abstract/connection_specification.rb:115:in `connection'
    /Users/iHope/.rvm/gems/ruby-1.8.7-p249/gems/activerecord-2.3.5/lib/active_record/query_cache.rb:9:in `cache'
    /Users/iHope/.rvm/gems/ruby-1.8.7-p249/gems/activerecord-2.3.5/lib/active_record/query_cache.rb:28:in `call'
    /Users/iHope/.rvm/gems/ruby-1.8.7-p249/gems/activerecord-2.3.5/lib/active_record/connection_adapters/abstract/connection_pool.rb:361:in `call'
    /Users/iHope/.rvm/gems/ruby-1.8.7-p249/gems/actionpack-2.3.5/lib/action_controller/string_coercion.rb:25:in `call'
    /Users/iHope/.rvm/gems/ruby-1.8.7-p249/gems/rack-1.0.1/lib/rack/head.rb:9:in `call'
    /Users/iHope/.rvm/gems/ruby-1.8.7-p249/gems/rack-1.0.1/lib/rack/methodoverride.rb:24:in `call'
    /Users/iHope/.rvm/gems/ruby-1.8.7-p249/gems/actionpack-2.3.5/lib/action_controller/params_parser.rb:15:in `call'
    /Users/iHope/.rvm/gems/ruby-1.8.7-p249/gems/actionpack-2.3.5/lib/action_controller/session/cookie_store.rb:93:in `call'
    /Users/iHope/.rvm/gems/ruby-1.8.7-p249/gems/actionpack-2.3.5/lib/action_controller/failsafe.rb:26:in `call'
    /Users/iHope/.rvm/gems/ruby-1.8.7-p249/gems/rack-1.0.1/lib/rack/lock.rb:11:in `call'
    /Users/iHope/.rvm/gems/ruby-1.8.7-p249/gems/rack-1.0.1/lib/rack/lock.rb:11:in `synchronize'
    /Users/iHope/.rvm/gems/ruby-1.8.7-p249/gems/rack-1.0.1/lib/rack/lock.rb:11:in `call'
    /Users/iHope/.rvm/gems/ruby-1.8.7-p249/gems/actionpack-2.3.5/lib/action_controller/dispatcher.rb:114:in `call'
    /Users/iHope/.rvm/gems/ruby-1.8.7-p249/gems/actionpack-2.3.5/lib/action_controller/reloader.rb:34:in `run'
    /Users/iHope/.rvm/gems/ruby-1.8.7-p249/gems/actionpack-2.3.5/lib/action_controller/dispatcher.rb:108:in `call'
    /Users/iHope/.rvm/gems/ruby-1.8.7-p249/gems/rails-2.3.5/lib/rails/rack/static.rb:31:in `call'
    /Users/iHope/.rvm/gems/ruby-1.8.7-p249/gems/rack-1.0.1/lib/rack/urlmap.rb:46:in `call'
    /Users/iHope/.rvm/gems/ruby-1.8.7-p249/gems/rack-1.0.1/lib/rack/urlmap.rb:40:in `each'
    /Users/iHope/.rvm/gems/ruby-1.8.7-p249/gems/rack-1.0.1/lib/rack/urlmap.rb:40:in `call'
    /Users/iHope/.rvm/gems/ruby-1.8.7-p249/gems/rails-2.3.5/lib/rails/rack/log_tailer.rb:17:in `call'
    /Users/iHope/.rvm/gems/ruby-1.8.7-p249/gems/rack-1.0.1/lib/rack/content_length.rb:13:in `call'
    /Users/iHope/.rvm/gems/ruby-1.8.7-p249/gems/rack-1.0.1/lib/rack/handler/webrick.rb:50:in `service'
    /Users/iHope/.rvm/rubies/ruby-1.8.7-p249/lib/ruby/1.8/webrick/httpserver.rb:104:in `service'
    /Users/iHope/.rvm/rubies/ruby-1.8.7-p249/lib/ruby/1.8/webrick/httpserver.rb:65:in `run'
    /Users/iHope/.rvm/rubies/ruby-1.8.7-p249/lib/ruby/1.8/webrick/server.rb:173:in `start_thread'
    /Users/iHope/.rvm/rubies/ruby-1.8.7-p249/lib/ruby/1.8/webrick/server.rb:162:in `start'
    /Users/iHope/.rvm/rubies/ruby-1.8.7-p249/lib/ruby/1.8/webrick/server.rb:162:in `start_thread'
    /Users/iHope/.rvm/rubies/ruby-1.8.7-p249/lib/ruby/1.8/webrick/server.rb:95:in `start'
    /Users/iHope/.rvm/rubies/ruby-1.8.7-p249/lib/ruby/1.8/webrick/server.rb:92:in `each'
    /Users/iHope/.rvm/rubies/ruby-1.8.7-p249/lib/ruby/1.8/webrick/server.rb:92:in `start'
    /Users/iHope/.rvm/rubies/ruby-1.8.7-p249/lib/ruby/1.8/webrick/server.rb:23:in `start'
    /Users/iHope/.rvm/rubies/ruby-1.8.7-p249/lib/ruby/1.8/webrick/server.rb:82:in `start'
    /Users/iHope/.rvm/gems/ruby-1.8.7-p249/gems/rack-1.0.1/lib/rack/handler/webrick.rb:14:in `run'
    /Users/iHope/.rvm/gems/ruby-1.8.7-p249/gems/rails-2.3.5/lib/commands/server.rb:111
    /Users/iHope/.rvm/rubies/ruby-1.8.7-p249/lib/ruby/site_ruby/1.8/rubygems/custom_require.rb:31:in `gem_original_require'
    /Users/iHope/.rvm/rubies/ruby-1.8.7-p249/lib/ruby/site_ruby/1.8/rubygems/custom_require.rb:31:in `require'
    script/server:3
/!\ FAILSAFE /!\  Thu May 06 19:51:42 -0400 2010
  Status: 500 Internal Server Error
  no such file to load -- sqlite3
    /Users/iHope/.rvm/rubies/ruby-1.8.7-p249/lib/ruby/site_ruby/1.8/rubygems/custom_require.rb:31:in `gem_original_require'
    /Users/iHope/.rvm/rubies/ruby-1.8.7-p249/lib/ruby/site_ruby/1.8/rubygems/custom_require.rb:31:in `require'
    /Users/iHope/.rvm/gems/ruby-1.8.7-p249/gems/activesupport-2.3.5/lib/active_support/dependencies.rb:156:in `require'
    /Users/iHope/.rvm/gems/ruby-1.8.7-p249/gems/activesupport-2.3.5/lib/active_support/dependencies.rb:521:in `new_constants_in'
    /Users/iHope/.rvm/gems/ruby-1.8.7-p249/gems/activesupport-2.3.5/lib/active_support/dependencies.rb:156:in `require'
    /Users/iHope/.rvm/gems/ruby-1.8.7-p249/gems/activesupport-2.3.5/lib/active_support/core_ext/kernel/requires.rb:7:in `require_library_or_gem'
    /Users/iHope/.rvm/gems/ruby-1.8.7-p249/gems/activesupport-2.3.5/lib/active_support/core_ext/kernel/reporting.rb:11:in `silence_warnings'
    /Users/iHope/.rvm/gems/ruby-1.8.7-p249/gems/activesupport-2.3.5/lib/active_support/core_ext/kernel/requires.rb:5:in `require_library_or_gem'
    /Users/iHope/.rvm/gems/ruby-1.8.7-p249/gems/activerecord-2.3.5/lib/active_record/connection_adapters/sqlite3_adapter.rb:10:in `sqlite3_connection'
    /Users/iHope/.rvm/gems/ruby-1.8.7-p249/gems/activerecord-2.3.5/lib/active_record/connection_adapters/abstract/connection_pool.rb:223:in `send'
    /Users/iHope/.rvm/gems/ruby-1.8.7-p249/gems/activerecord-2.3.5/lib/active_record/connection_adapters/abstract/connection_pool.rb:223:in `new_connection'
    /Users/iHope/.rvm/gems/ruby-1.8.7-p249/gems/activerecord-2.3.5/lib/active_record/connection_adapters/abstract/connection_pool.rb:245:in `checkout_new_connection'
    /Users/iHope/.rvm/gems/ruby-1.8.7-p249/gems/activerecord-2.3.5/lib/active_record/connection_adapters/abstract/connection_pool.rb:188:in `checkout'
    /Users/iHope/.rvm/gems/ruby-1.8.7-p249/gems/activerecord-2.3.5/lib/active_record/connection_adapters/abstract/connection_pool.rb:184:in `loop'
    /Users/iHope/.rvm/gems/ruby-1.8.7-p249/gems/activerecord-2.3.5/lib/active_record/connection_adapters/abstract/connection_pool.rb:184:in `checkout'
    /Users/iHope/.rvm/rubies/ruby-1.8.7-p249/lib/ruby/1.8/monitor.rb:242:in `synchronize'
    /Users/iHope/.rvm/gems/ruby-1.8.7-p249/gems/activerecord-2.3.5/lib/active_record/connection_adapters/abstract/connection_pool.rb:183:in `checkout'
    /Users/iHope/.rvm/gems/ruby-1.8.7-p249/gems/activerecord-2.3.5/lib/active_record/connection_adapters/abstract/connection_pool.rb:98:in `connection'
    /Users/iHope/.rvm/gems/ruby-1.8.7-p249/gems/activerecord-2.3.5/lib/active_record/connection_adapters/abstract/connection_pool.rb:326:in `retrieve_connection'
    /Users/iHope/.rvm/gems/ruby-1.8.7-p249/gems/activerecord-2.3.5/lib/active_record/connection_adapters/abstract/connection_specification.rb:123:in `retrieve_connection'
    /Users/iHope/.rvm/gems/ruby-1.8.7-p249/gems/activerecord-2.3.5/lib/active_record/connection_adapters/abstract/connection_specification.rb:115:in `connection'
    /Users/iHope/.rvm/gems/ruby-1.8.7-p249/gems/activerecord-2.3.5/lib/active_record/query_cache.rb:9:in `cache'
    /Users/iHope/.rvm/gems/ruby-1.8.7-p249/gems/activerecord-2.3.5/lib/active_record/query_cache.rb:28:in `call'
    /Users/iHope/.rvm/gems/ruby-1.8.7-p249/gems/activerecord-2.3.5/lib/active_record/connection_adapters/abstract/connection_pool.rb:361:in `call'
    /Users/iHope/.rvm/gems/ruby-1.8.7-p249/gems/actionpack-2.3.5/lib/action_controller/string_coercion.rb:25:in `call'
    /Users/iHope/.rvm/gems/ruby-1.8.7-p249/gems/rack-1.0.1/lib/rack/head.rb:9:in `call'
    /Users/iHope/.rvm/gems/ruby-1.8.7-p249/gems/rack-1.0.1/lib/rack/methodoverride.rb:24:in `call'
    /Users/iHope/.rvm/gems/ruby-1.8.7-p249/gems/actionpack-2.3.5/lib/action_controller/params_parser.rb:15:in `call'
    /Users/iHope/.rvm/gems/ruby-1.8.7-p249/gems/actionpack-2.3.5/lib/action_controller/session/cookie_store.rb:93:in `call'
    /Users/iHope/.rvm/gems/ruby-1.8.7-p249/gems/actionpack-2.3.5/lib/action_controller/failsafe.rb:26:in `call'
    /Users/iHope/.rvm/gems/ruby-1.8.7-p249/gems/rack-1.0.1/lib/rack/lock.rb:11:in `call'
    /Users/iHope/.rvm/gems/ruby-1.8.7-p249/gems/rack-1.0.1/lib/rack/lock.rb:11:in `synchronize'
    /Users/iHope/.rvm/gems/ruby-1.8.7-p249/gems/rack-1.0.1/lib/rack/lock.rb:11:in `call'
    /Users/iHope/.rvm/gems/ruby-1.8.7-p249/gems/actionpack-2.3.5/lib/action_controller/dispatcher.rb:114:in `call'
    /Users/iHope/.rvm/gems/ruby-1.8.7-p249/gems/actionpack-2.3.5/lib/action_controller/reloader.rb:34:in `run'
    /Users/iHope/.rvm/gems/ruby-1.8.7-p249/gems/actionpack-2.3.5/lib/action_controller/dispatcher.rb:108:in `call'
    /Users/iHope/.rvm/gems/ruby-1.8.7-p249/gems/rails-2.3.5/lib/rails/rack/static.rb:31:in `call'
    /Users/iHope/.rvm/gems/ruby-1.8.7-p249/gems/rack-1.0.1/lib/rack/urlmap.rb:46:in `call'
    /Users/iHope/.rvm/gems/ruby-1.8.7-p249/gems/rack-1.0.1/lib/rack/urlmap.rb:40:in `each'
    /Users/iHope/.rvm/gems/ruby-1.8.7-p249/gems/rack-1.0.1/lib/rack/urlmap.rb:40:in `call'
    /Users/iHope/.rvm/gems/ruby-1.8.7-p249/gems/rails-2.3.5/lib/rails/rack/log_tailer.rb:17:in `call'
    /Users/iHope/.rvm/gems/ruby-1.8.7-p249/gems/rack-1.0.1/lib/rack/content_length.rb:13:in `call'
    /Users/iHope/.rvm/gems/ruby-1.8.7-p249/gems/rack-1.0.1/lib/rack/handler/webrick.rb:50:in `service'
    /Users/iHope/.rvm/rubies/ruby-1.8.7-p249/lib/ruby/1.8/webrick/httpserver.rb:104:in `service'
    /Users/iHope/.rvm/rubies/ruby-1.8.7-p249/lib/ruby/1.8/webrick/httpserver.rb:65:in `run'
    /Users/iHope/.rvm/rubies/ruby-1.8.7-p249/lib/ruby/1.8/webrick/server.rb:173:in `start_thread'
    /Users/iHope/.rvm/rubies/ruby-1.8.7-p249/lib/ruby/1.8/webrick/server.rb:162:in `start'
    /Users/iHope/.rvm/rubies/ruby-1.8.7-p249/lib/ruby/1.8/webrick/server.rb:162:in `start_thread'
    /Users/iHope/.rvm/rubies/ruby-1.8.7-p249/lib/ruby/1.8/webrick/server.rb:95:in `start'
    /Users/iHope/.rvm/rubies/ruby-1.8.7-p249/lib/ruby/1.8/webrick/server.rb:92:in `each'
    /Users/iHope/.rvm/rubies/ruby-1.8.7-p249/lib/ruby/1.8/webrick/server.rb:92:in `start'
    /Users/iHope/.rvm/rubies/ruby-1.8.7-p249/lib/ruby/1.8/webrick/server.rb:23:in `start'
    /Users/iHope/.rvm/rubies/ruby-1.8.7-p249/lib/ruby/1.8/webrick/server.rb:82:in `start'
    /Users/iHope/.rvm/gems/ruby-1.8.7-p249/gems/rack-1.0.1/lib/rack/handler/webrick.rb:14:in `run'
    /Users/iHope/.rvm/gems/ruby-1.8.7-p249/gems/rails-2.3.5/lib/commands/server.rb:111
    /Users/iHope/.rvm/rubies/ruby-1.8.7-p249/lib/ruby/site_ruby/1.8/rubygems/custom_require.rb:31:in `gem_original_require'
    /Users/iHope/.rvm/rubies/ruby-1.8.7-p249/lib/ruby/site_ruby/1.8/rubygems/custom_require.rb:31:in `require'
    script/server:3
/!\ FAILSAFE /!\  Thu May 06 19:51:44 -0400 2010
  Status: 500 Internal Server Error
  no such file to load -- sqlite3
    /Users/iHope/.rvm/rubies/ruby-1.8.7-p249/lib/ruby/site_ruby/1.8/rubygems/custom_require.rb:31:in `gem_original_require'
    /Users/iHope/.rvm/rubies/ruby-1.8.7-p249/lib/ruby/site_ruby/1.8/rubygems/custom_require.rb:31:in `require'
    /Users/iHope/.rvm/gems/ruby-1.8.7-p249/gems/activesupport-2.3.5/lib/active_support/dependencies.rb:156:in `require'
    /Users/iHope/.rvm/gems/ruby-1.8.7-p249/gems/activesupport-2.3.5/lib/active_support/dependencies.rb:521:in `new_constants_in'
    /Users/iHope/.rvm/gems/ruby-1.8.7-p249/gems/activesupport-2.3.5/lib/active_support/dependencies.rb:156:in `require'
    /Users/iHope/.rvm/gems/ruby-1.8.7-p249/gems/activesupport-2.3.5/lib/active_support/core_ext/kernel/requires.rb:7:in `require_library_or_gem'
    /Users/iHope/.rvm/gems/ruby-1.8.7-p249/gems/activesupport-2.3.5/lib/active_support/core_ext/kernel/reporting.rb:11:in `silence_warnings'
    /Users/iHope/.rvm/gems/ruby-1.8.7-p249/gems/activesupport-2.3.5/lib/active_support/core_ext/kernel/requires.rb:5:in `require_library_or_gem'
    /Users/iHope/.rvm/gems/ruby-1.8.7-p249/gems/activerecord-2.3.5/lib/active_record/connection_adapters/sqlite3_adapter.rb:10:in `sqlite3_connection'
    /Users/iHope/.rvm/gems/ruby-1.8.7-p249/gems/activerecord-2.3.5/lib/active_record/connection_adapters/abstract/connection_pool.rb:223:in `send'
    /Users/iHope/.rvm/gems/ruby-1.8.7-p249/gems/activerecord-2.3.5/lib/active_record/connection_adapters/abstract/connection_pool.rb:223:in `new_connection'
    /Users/iHope/.rvm/gems/ruby-1.8.7-p249/gems/activerecord-2.3.5/lib/active_record/connection_adapters/abstract/connection_pool.rb:245:in `checkout_new_connection'
    /Users/iHope/.rvm/gems/ruby-1.8.7-p249/gems/activerecord-2.3.5/lib/active_record/connection_adapters/abstract/connection_pool.rb:188:in `checkout'
    /Users/iHope/.rvm/gems/ruby-1.8.7-p249/gems/activerecord-2.3.5/lib/active_record/connection_adapters/abstract/connection_pool.rb:184:in `loop'
    /Users/iHope/.rvm/gems/ruby-1.8.7-p249/gems/activerecord-2.3.5/lib/active_record/connection_adapters/abstract/connection_pool.rb:184:in `checkout'
    /Users/iHope/.rvm/rubies/ruby-1.8.7-p249/lib/ruby/1.8/monitor.rb:242:in `synchronize'
    /Users/iHope/.rvm/gems/ruby-1.8.7-p249/gems/activerecord-2.3.5/lib/active_record/connection_adapters/abstract/connection_pool.rb:183:in `checkout'
    /Users/iHope/.rvm/gems/ruby-1.8.7-p249/gems/activerecord-2.3.5/lib/active_record/connection_adapters/abstract/connection_pool.rb:98:in `connection'
    /Users/iHope/.rvm/gems/ruby-1.8.7-p249/gems/activerecord-2.3.5/lib/active_record/connection_adapters/abstract/connection_pool.rb:326:in `retrieve_connection'
    /Users/iHope/.rvm/gems/ruby-1.8.7-p249/gems/activerecord-2.3.5/lib/active_record/connection_adapters/abstract/connection_specification.rb:123:in `retrieve_connection'
    /Users/iHope/.rvm/gems/ruby-1.8.7-p249/gems/activerecord-2.3.5/lib/active_record/connection_adapters/abstract/connection_specification.rb:115:in `connection'
    /Users/iHope/.rvm/gems/ruby-1.8.7-p249/gems/activerecord-2.3.5/lib/active_record/query_cache.rb:9:in `cache'
    /Users/iHope/.rvm/gems/ruby-1.8.7-p249/gems/activerecord-2.3.5/lib/active_record/query_cache.rb:28:in `call'
    /Users/iHope/.rvm/gems/ruby-1.8.7-p249/gems/activerecord-2.3.5/lib/active_record/connection_adapters/abstract/connection_pool.rb:361:in `call'
    /Users/iHope/.rvm/gems/ruby-1.8.7-p249/gems/actionpack-2.3.5/lib/action_controller/string_coercion.rb:25:in `call'
    /Users/iHope/.rvm/gems/ruby-1.8.7-p249/gems/rack-1.0.1/lib/rack/head.rb:9:in `call'
    /Users/iHope/.rvm/gems/ruby-1.8.7-p249/gems/rack-1.0.1/lib/rack/methodoverride.rb:24:in `call'
    /Users/iHope/.rvm/gems/ruby-1.8.7-p249/gems/actionpack-2.3.5/lib/action_controller/params_parser.rb:15:in `call'
    /Users/iHope/.rvm/gems/ruby-1.8.7-p249/gems/actionpack-2.3.5/lib/action_controller/session/cookie_store.rb:93:in `call'
    /Users/iHope/.rvm/gems/ruby-1.8.7-p249/gems/actionpack-2.3.5/lib/action_controller/failsafe.rb:26:in `call'
    /Users/iHope/.rvm/gems/ruby-1.8.7-p249/gems/rack-1.0.1/lib/rack/lock.rb:11:in `call'
    /Users/iHope/.rvm/gems/ruby-1.8.7-p249/gems/rack-1.0.1/lib/rack/lock.rb:11:in `synchronize'
    /Users/iHope/.rvm/gems/ruby-1.8.7-p249/gems/rack-1.0.1/lib/rack/lock.rb:11:in `call'
    /Users/iHope/.rvm/gems/ruby-1.8.7-p249/gems/actionpack-2.3.5/lib/action_controller/dispatcher.rb:114:in `call'
    /Users/iHope/.rvm/gems/ruby-1.8.7-p249/gems/actionpack-2.3.5/lib/action_controller/reloader.rb:34:in `run'
    /Users/iHope/.rvm/gems/ruby-1.8.7-p249/gems/actionpack-2.3.5/lib/action_controller/dispatcher.rb:108:in `call'
    /Users/iHope/.rvm/gems/ruby-1.8.7-p249/gems/rails-2.3.5/lib/rails/rack/static.rb:31:in `call'
    /Users/iHope/.rvm/gems/ruby-1.8.7-p249/gems/rack-1.0.1/lib/rack/urlmap.rb:46:in `call'
    /Users/iHope/.rvm/gems/ruby-1.8.7-p249/gems/rack-1.0.1/lib/rack/urlmap.rb:40:in `each'
    /Users/iHope/.rvm/gems/ruby-1.8.7-p249/gems/rack-1.0.1/lib/rack/urlmap.rb:40:in `call'
    /Users/iHope/.rvm/gems/ruby-1.8.7-p249/gems/rails-2.3.5/lib/rails/rack/log_tailer.rb:17:in `call'
    /Users/iHope/.rvm/gems/ruby-1.8.7-p249/gems/rack-1.0.1/lib/rack/content_length.rb:13:in `call'
    /Users/iHope/.rvm/gems/ruby-1.8.7-p249/gems/rack-1.0.1/lib/rack/handler/webrick.rb:50:in `service'
    /Users/iHope/.rvm/rubies/ruby-1.8.7-p249/lib/ruby/1.8/webrick/httpserver.rb:104:in `service'
    /Users/iHope/.rvm/rubies/ruby-1.8.7-p249/lib/ruby/1.8/webrick/httpserver.rb:65:in `run'
    /Users/iHope/.rvm/rubies/ruby-1.8.7-p249/lib/ruby/1.8/webrick/server.rb:173:in `start_thread'
    /Users/iHope/.rvm/rubies/ruby-1.8.7-p249/lib/ruby/1.8/webrick/server.rb:162:in `start'
    /Users/iHope/.rvm/rubies/ruby-1.8.7-p249/lib/ruby/1.8/webrick/server.rb:162:in `start_thread'
    /Users/iHope/.rvm/rubies/ruby-1.8.7-p249/lib/ruby/1.8/webrick/server.rb:95:in `start'
    /Users/iHope/.rvm/rubies/ruby-1.8.7-p249/lib/ruby/1.8/webrick/server.rb:92:in `each'
    /Users/iHope/.rvm/rubies/ruby-1.8.7-p249/lib/ruby/1.8/webrick/server.rb:92:in `start'
    /Users/iHope/.rvm/rubies/ruby-1.8.7-p249/lib/ruby/1.8/webrick/server.rb:23:in `start'
    /Users/iHope/.rvm/rubies/ruby-1.8.7-p249/lib/ruby/1.8/webrick/server.rb:82:in `start'
    /Users/iHope/.rvm/gems/ruby-1.8.7-p249/gems/rack-1.0.1/lib/rack/handler/webrick.rb:14:in `run'
    /Users/iHope/.rvm/gems/ruby-1.8.7-p249/gems/rails-2.3.5/lib/commands/server.rb:111
    /Users/iHope/.rvm/rubies/ruby-1.8.7-p249/lib/ruby/site_ruby/1.8/rubygems/custom_require.rb:31:in `gem_original_require'
    /Users/iHope/.rvm/rubies/ruby-1.8.7-p249/lib/ruby/site_ruby/1.8/rubygems/custom_require.rb:31:in `require'
    script/server:3


Processing ApplicationController#index (for 127.0.0.1 at 2010-05-06 19:51:59) [GET]

ActionController::RoutingError (No route matches "/" with {:method=>:get}):
  /Users/iHope/.rvm/rubies/ruby-1.8.7-p249/lib/ruby/1.8/webrick/httpserver.rb:104:in `service'
  /Users/iHope/.rvm/rubies/ruby-1.8.7-p249/lib/ruby/1.8/webrick/httpserver.rb:65:in `run'
  /Users/iHope/.rvm/rubies/ruby-1.8.7-p249/lib/ruby/1.8/webrick/server.rb:173:in `start_thread'
  /Users/iHope/.rvm/rubies/ruby-1.8.7-p249/lib/ruby/1.8/webrick/server.rb:162:in `start'
  /Users/iHope/.rvm/rubies/ruby-1.8.7-p249/lib/ruby/1.8/webrick/server.rb:162:in `start_thread'
  /Users/iHope/.rvm/rubies/ruby-1.8.7-p249/lib/ruby/1.8/webrick/server.rb:95:in `start'
  /Users/iHope/.rvm/rubies/ruby-1.8.7-p249/lib/ruby/1.8/webrick/server.rb:92:in `each'
  /Users/iHope/.rvm/rubies/ruby-1.8.7-p249/lib/ruby/1.8/webrick/server.rb:92:in `start'
  /Users/iHope/.rvm/rubies/ruby-1.8.7-p249/lib/ruby/1.8/webrick/server.rb:23:in `start'
  /Users/iHope/.rvm/rubies/ruby-1.8.7-p249/lib/ruby/1.8/webrick/server.rb:82:in `start'

Rendering rescues/layout (not_found)


Processing StaticController#index (for 127.0.0.1 at 2010-05-06 19:54:14) [GET]

ActionController::UnknownAction (No action responded to index. Actions: ):
  /Users/iHope/.rvm/rubies/ruby-1.8.7-p249/lib/ruby/1.8/webrick/httpserver.rb:104:in `service'
  /Users/iHope/.rvm/rubies/ruby-1.8.7-p249/lib/ruby/1.8/webrick/httpserver.rb:65:in `run'
  /Users/iHope/.rvm/rubies/ruby-1.8.7-p249/lib/ruby/1.8/webrick/server.rb:173:in `start_thread'
  /Users/iHope/.rvm/rubies/ruby-1.8.7-p249/lib/ruby/1.8/webrick/server.rb:162:in `start'
  /Users/iHope/.rvm/rubies/ruby-1.8.7-p249/lib/ruby/1.8/webrick/server.rb:162:in `start_thread'
  /Users/iHope/.rvm/rubies/ruby-1.8.7-p249/lib/ruby/1.8/webrick/server.rb:95:in `start'
  /Users/iHope/.rvm/rubies/ruby-1.8.7-p249/lib/ruby/1.8/webrick/server.rb:92:in `each'
  /Users/iHope/.rvm/rubies/ruby-1.8.7-p249/lib/ruby/1.8/webrick/server.rb:92:in `start'
  /Users/iHope/.rvm/rubies/ruby-1.8.7-p249/lib/ruby/1.8/webrick/server.rb:23:in `start'
  /Users/iHope/.rvm/rubies/ruby-1.8.7-p249/lib/ruby/1.8/webrick/server.rb:82:in `start'

Rendering rescues/layout (not_found)


Processing StaticController#index (for 127.0.0.1 at 2010-05-06 20:00:27) [GET]
Rendering template within layouts/application
Rendering static/index
Completed in 47ms (View: 45, DB: 0) | 200 OK [http://localhost/]


Processing ApplicationController#index (for 127.0.0.1 at 2010-05-06 20:00:27) [GET]

ActionController::RoutingError (No route matches "/dropdown.js" with {:method=>:get}):
  /Users/iHope/.rvm/rubies/ruby-1.8.7-p249/lib/ruby/1.8/webrick/httpserver.rb:104:in `service'
  /Users/iHope/.rvm/rubies/ruby-1.8.7-p249/lib/ruby/1.8/webrick/httpserver.rb:65:in `run'
  /Users/iHope/.rvm/rubies/ruby-1.8.7-p249/lib/ruby/1.8/webrick/server.rb:173:in `start_thread'
  /Users/iHope/.rvm/rubies/ruby-1.8.7-p249/lib/ruby/1.8/webrick/server.rb:162:in `start'
  /Users/iHope/.rvm/rubies/ruby-1.8.7-p249/lib/ruby/1.8/webrick/server.rb:162:in `start_thread'
  /Users/iHope/.rvm/rubies/ruby-1.8.7-p249/lib/ruby/1.8/webrick/server.rb:95:in `start'
  /Users/iHope/.rvm/rubies/ruby-1.8.7-p249/lib/ruby/1.8/webrick/server.rb:92:in `each'
  /Users/iHope/.rvm/rubies/ruby-1.8.7-p249/lib/ruby/1.8/webrick/server.rb:92:in `start'
  /Users/iHope/.rvm/rubies/ruby-1.8.7-p249/lib/ruby/1.8/webrick/server.rb:23:in `start'
  /Users/iHope/.rvm/rubies/ruby-1.8.7-p249/lib/ruby/1.8/webrick/server.rb:82:in `start'

Rendering rescues/layout (not_found)


Processing ApplicationController#index (for 127.0.0.1 at 2010-05-06 20:00:27) [GET]

ActionController::RoutingError (No route matches "/indexcss.css" with {:method=>:get}):
  /Users/iHope/.rvm/rubies/ruby-1.8.7-p249/lib/ruby/1.8/webrick/httpserver.rb:104:in `service'
  /Users/iHope/.rvm/rubies/ruby-1.8.7-p249/lib/ruby/1.8/webrick/httpserver.rb:65:in `run'
  /Users/iHope/.rvm/rubies/ruby-1.8.7-p249/lib/ruby/1.8/webrick/server.rb:173:in `start_thread'
  /Users/iHope/.rvm/rubies/ruby-1.8.7-p249/lib/ruby/1.8/webrick/server.rb:162:in `start'
  /Users/iHope/.rvm/rubies/ruby-1.8.7-p249/lib/ruby/1.8/webrick/server.rb:162:in `start_thread'
  /Users/iHope/.rvm/rubies/ruby-1.8.7-p249/lib/ruby/1.8/webrick/server.rb:95:in `start'
  /Users/iHope/.rvm/rubies/ruby-1.8.7-p249/lib/ruby/1.8/webrick/server.rb:92:in `each'
  /Users/iHope/.rvm/rubies/ruby-1.8.7-p249/lib/ruby/1.8/webrick/server.rb:92:in `start'
  /Users/iHope/.rvm/rubies/ruby-1.8.7-p249/lib/ruby/1.8/webrick/server.rb:23:in `start'
  /Users/iHope/.rvm/rubies/ruby-1.8.7-p249/lib/ruby/1.8/webrick/server.rb:82:in `start'

Rendering rescues/layout (not_found)


Processing ApplicationController#index (for 127.0.0.1 at 2010-05-06 20:00:27) [GET]

ActionController::RoutingError (No route matches "/images/header.jpg" with {:method=>:get}):
  /Users/iHope/.rvm/rubies/ruby-1.8.7-p249/lib/ruby/1.8/webrick/httpserver.rb:104:in `service'
  /Users/iHope/.rvm/rubies/ruby-1.8.7-p249/lib/ruby/1.8/webrick/httpserver.rb:65:in `run'
  /Users/iHope/.rvm/rubies/ruby-1.8.7-p249/lib/ruby/1.8/webrick/server.rb:173:in `start_thread'
  /Users/iHope/.rvm/rubies/ruby-1.8.7-p249/lib/ruby/1.8/webrick/server.rb:162:in `start'
  /Users/iHope/.rvm/rubies/ruby-1.8.7-p249/lib/ruby/1.8/webrick/server.rb:162:in `start_thread'
  /Users/iHope/.rvm/rubies/ruby-1.8.7-p249/lib/ruby/1.8/webrick/server.rb:95:in `start'
  /Users/iHope/.rvm/rubies/ruby-1.8.7-p249/lib/ruby/1.8/webrick/server.rb:92:in `each'
  /Users/iHope/.rvm/rubies/ruby-1.8.7-p249/lib/ruby/1.8/webrick/server.rb:92:in `start'
  /Users/iHope/.rvm/rubies/ruby-1.8.7-p249/lib/ruby/1.8/webrick/server.rb:23:in `start'
  /Users/iHope/.rvm/rubies/ruby-1.8.7-p249/lib/ruby/1.8/webrick/server.rb:82:in `start'

Rendering rescues/layout (not_found)


Processing StaticController#index (for 127.0.0.1 at 2010-05-06 20:04:25) [GET]
Rendering template within layouts/application
Rendering static/index
Completed in 7ms (View: 6, DB: 0) | 200 OK [http://localhost/]


Processing ApplicationController#index (for 127.0.0.1 at 2010-05-06 20:04:25) [GET]

ActionController::RoutingError (No route matches "/dropdown.js" with {:method=>:get}):
  /Users/iHope/.rvm/rubies/ruby-1.8.7-p249/lib/ruby/1.8/webrick/httpserver.rb:104:in `service'
  /Users/iHope/.rvm/rubies/ruby-1.8.7-p249/lib/ruby/1.8/webrick/httpserver.rb:65:in `run'
  /Users/iHope/.rvm/rubies/ruby-1.8.7-p249/lib/ruby/1.8/webrick/server.rb:173:in `start_thread'
  /Users/iHope/.rvm/rubies/ruby-1.8.7-p249/lib/ruby/1.8/webrick/server.rb:162:in `start'
  /Users/iHope/.rvm/rubies/ruby-1.8.7-p249/lib/ruby/1.8/webrick/server.rb:162:in `start_thread'
  /Users/iHope/.rvm/rubies/ruby-1.8.7-p249/lib/ruby/1.8/webrick/server.rb:95:in `start'
  /Users/iHope/.rvm/rubies/ruby-1.8.7-p249/lib/ruby/1.8/webrick/server.rb:92:in `each'
  /Users/iHope/.rvm/rubies/ruby-1.8.7-p249/lib/ruby/1.8/webrick/server.rb:92:in `start'
  /Users/iHope/.rvm/rubies/ruby-1.8.7-p249/lib/ruby/1.8/webrick/server.rb:23:in `start'
  /Users/iHope/.rvm/rubies/ruby-1.8.7-p249/lib/ruby/1.8/webrick/server.rb:82:in `start'

Rendering rescues/layout (not_found)


Processing ApplicationController#index (for 127.0.0.1 at 2010-05-06 20:04:25) [GET]

ActionController::RoutingError (No route matches "/images/header.jpg" with {:method=>:get}):
  /Users/iHope/.rvm/rubies/ruby-1.8.7-p249/lib/ruby/1.8/webrick/httpserver.rb:104:in `service'
  /Users/iHope/.rvm/rubies/ruby-1.8.7-p249/lib/ruby/1.8/webrick/httpserver.rb:65:in `run'
  /Users/iHope/.rvm/rubies/ruby-1.8.7-p249/lib/ruby/1.8/webrick/server.rb:173:in `start_thread'
  /Users/iHope/.rvm/rubies/ruby-1.8.7-p249/lib/ruby/1.8/webrick/server.rb:162:in `start'
  /Users/iHope/.rvm/rubies/ruby-1.8.7-p249/lib/ruby/1.8/webrick/server.rb:162:in `start_thread'
  /Users/iHope/.rvm/rubies/ruby-1.8.7-p249/lib/ruby/1.8/webrick/server.rb:95:in `start'
  /Users/iHope/.rvm/rubies/ruby-1.8.7-p249/lib/ruby/1.8/webrick/server.rb:92:in `each'
  /Users/iHope/.rvm/rubies/ruby-1.8.7-p249/lib/ruby/1.8/webrick/server.rb:92:in `start'
  /Users/iHope/.rvm/rubies/ruby-1.8.7-p249/lib/ruby/1.8/webrick/server.rb:23:in `start'
  /Users/iHope/.rvm/rubies/ruby-1.8.7-p249/lib/ruby/1.8/webrick/server.rb:82:in `start'

Rendering rescues/layout (not_found)


Processing StaticController#index (for 127.0.0.1 at 2010-05-06 20:05:29) [GET]
Rendering template within layouts/application
Rendering static/index
Completed in 2ms (View: 1, DB: 0) | 200 OK [http://localhost/]


Processing ApplicationController#index (for 127.0.0.1 at 2010-05-06 20:05:29) [GET]

ActionController::RoutingError (No route matches "/dropdown.js" with {:method=>:get}):
  /Users/iHope/.rvm/rubies/ruby-1.8.7-p249/lib/ruby/1.8/webrick/httpserver.rb:104:in `service'
  /Users/iHope/.rvm/rubies/ruby-1.8.7-p249/lib/ruby/1.8/webrick/httpserver.rb:65:in `run'
  /Users/iHope/.rvm/rubies/ruby-1.8.7-p249/lib/ruby/1.8/webrick/server.rb:173:in `start_thread'
  /Users/iHope/.rvm/rubies/ruby-1.8.7-p249/lib/ruby/1.8/webrick/server.rb:162:in `start'
  /Users/iHope/.rvm/rubies/ruby-1.8.7-p249/lib/ruby/1.8/webrick/server.rb:162:in `start_thread'
  /Users/iHope/.rvm/rubies/ruby-1.8.7-p249/lib/ruby/1.8/webrick/server.rb:95:in `start'
  /Users/iHope/.rvm/rubies/ruby-1.8.7-p249/lib/ruby/1.8/webrick/server.rb:92:in `each'
  /Users/iHope/.rvm/rubies/ruby-1.8.7-p249/lib/ruby/1.8/webrick/server.rb:92:in `start'
  /Users/iHope/.rvm/rubies/ruby-1.8.7-p249/lib/ruby/1.8/webrick/server.rb:23:in `start'
  /Users/iHope/.rvm/rubies/ruby-1.8.7-p249/lib/ruby/1.8/webrick/server.rb:82:in `start'

Rendering rescues/layout (not_found)


Processing StaticController#index (for 127.0.0.1 at 2010-05-06 20:08:33) [GET]
Rendering template within layouts/application
Rendering static/index
Completed in 30ms (View: 28, DB: 0) | 200 OK [http://localhost/]


Processing ApplicationController#index (for 127.0.0.1 at 2010-05-06 20:08:33) [GET]

ActionController::RoutingError (No route matches "/dropdown.js" with {:method=>:get}):
  /Users/iHope/.rvm/rubies/ruby-1.8.7-p249/lib/ruby/1.8/webrick/httpserver.rb:104:in `service'
  /Users/iHope/.rvm/rubies/ruby-1.8.7-p249/lib/ruby/1.8/webrick/httpserver.rb:65:in `run'
  /Users/iHope/.rvm/rubies/ruby-1.8.7-p249/lib/ruby/1.8/webrick/server.rb:173:in `start_thread'
  /Users/iHope/.rvm/rubies/ruby-1.8.7-p249/lib/ruby/1.8/webrick/server.rb:162:in `start'
  /Users/iHope/.rvm/rubies/ruby-1.8.7-p249/lib/ruby/1.8/webrick/server.rb:162:in `start_thread'
  /Users/iHope/.rvm/rubies/ruby-1.8.7-p249/lib/ruby/1.8/webrick/server.rb:95:in `start'
  /Users/iHope/.rvm/rubies/ruby-1.8.7-p249/lib/ruby/1.8/webrick/server.rb:92:in `each'
  /Users/iHope/.rvm/rubies/ruby-1.8.7-p249/lib/ruby/1.8/webrick/server.rb:92:in `start'
  /Users/iHope/.rvm/rubies/ruby-1.8.7-p249/lib/ruby/1.8/webrick/server.rb:23:in `start'
  /Users/iHope/.rvm/rubies/ruby-1.8.7-p249/lib/ruby/1.8/webrick/server.rb:82:in `start'

Rendering rescues/layout (not_found)


Processing ApplicationController#index (for 127.0.0.1 at 2010-05-06 20:08:33) [GET]

ActionController::RoutingError (No route matches "/images/images/header.jpg" with {:method=>:get}):
  /Users/iHope/.rvm/rubies/ruby-1.8.7-p249/lib/ruby/1.8/webrick/httpserver.rb:104:in `service'
  /Users/iHope/.rvm/rubies/ruby-1.8.7-p249/lib/ruby/1.8/webrick/httpserver.rb:65:in `run'
  /Users/iHope/.rvm/rubies/ruby-1.8.7-p249/lib/ruby/1.8/webrick/server.rb:173:in `start_thread'
  /Users/iHope/.rvm/rubies/ruby-1.8.7-p249/lib/ruby/1.8/webrick/server.rb:162:in `start'
  /Users/iHope/.rvm/rubies/ruby-1.8.7-p249/lib/ruby/1.8/webrick/server.rb:162:in `start_thread'
  /Users/iHope/.rvm/rubies/ruby-1.8.7-p249/lib/ruby/1.8/webrick/server.rb:95:in `start'
  /Users/iHope/.rvm/rubies/ruby-1.8.7-p249/lib/ruby/1.8/webrick/server.rb:92:in `each'
  /Users/iHope/.rvm/rubies/ruby-1.8.7-p249/lib/ruby/1.8/webrick/server.rb:92:in `start'
  /Users/iHope/.rvm/rubies/ruby-1.8.7-p249/lib/ruby/1.8/webrick/server.rb:23:in `start'
  /Users/iHope/.rvm/rubies/ruby-1.8.7-p249/lib/ruby/1.8/webrick/server.rb:82:in `start'

Rendering rescues/layout (not_found)


Processing StaticController#index (for 127.0.0.1 at 2010-05-06 20:08:48) [GET]
Rendering template within layouts/application
Rendering static/index
Completed in 7ms (View: 6, DB: 0) | 200 OK [http://localhost/]


Processing ApplicationController#index (for 127.0.0.1 at 2010-05-06 20:08:48) [GET]

ActionController::RoutingError (No route matches "/dropdown.js" with {:method=>:get}):
  /Users/iHope/.rvm/rubies/ruby-1.8.7-p249/lib/ruby/1.8/webrick/httpserver.rb:104:in `service'
  /Users/iHope/.rvm/rubies/ruby-1.8.7-p249/lib/ruby/1.8/webrick/httpserver.rb:65:in `run'
  /Users/iHope/.rvm/rubies/ruby-1.8.7-p249/lib/ruby/1.8/webrick/server.rb:173:in `start_thread'
  /Users/iHope/.rvm/rubies/ruby-1.8.7-p249/lib/ruby/1.8/webrick/server.rb:162:in `start'
  /Users/iHope/.rvm/rubies/ruby-1.8.7-p249/lib/ruby/1.8/webrick/server.rb:162:in `start_thread'
  /Users/iHope/.rvm/rubies/ruby-1.8.7-p249/lib/ruby/1.8/webrick/server.rb:95:in `start'
  /Users/iHope/.rvm/rubies/ruby-1.8.7-p249/lib/ruby/1.8/webrick/server.rb:92:in `each'
  /Users/iHope/.rvm/rubies/ruby-1.8.7-p249/lib/ruby/1.8/webrick/server.rb:92:in `start'
  /Users/iHope/.rvm/rubies/ruby-1.8.7-p249/lib/ruby/1.8/webrick/server.rb:23:in `start'
  /Users/iHope/.rvm/rubies/ruby-1.8.7-p249/lib/ruby/1.8/webrick/server.rb:82:in `start'

Rendering rescues/layout (not_found)


Processing StaticController#index (for 127.0.0.1 at 2010-05-06 20:11:11) [GET]
Rendering template within layouts/application
Rendering static/index
Completed in 11ms (View: 9, DB: 0) | 200 OK [http://localhost/]


Processing ApplicationController#index (for 127.0.0.1 at 2010-05-06 20:11:12) [GET]

ActionController::RoutingError (No route matches "/dropdown.js" with {:method=>:get}):
  /Users/iHope/.rvm/rubies/ruby-1.8.7-p249/lib/ruby/1.8/webrick/httpserver.rb:104:in `service'
  /Users/iHope/.rvm/rubies/ruby-1.8.7-p249/lib/ruby/1.8/webrick/httpserver.rb:65:in `run'
  /Users/iHope/.rvm/rubies/ruby-1.8.7-p249/lib/ruby/1.8/webrick/server.rb:173:in `start_thread'
  /Users/iHope/.rvm/rubies/ruby-1.8.7-p249/lib/ruby/1.8/webrick/server.rb:162:in `start'
  /Users/iHope/.rvm/rubies/ruby-1.8.7-p249/lib/ruby/1.8/webrick/server.rb:162:in `start_thread'
  /Users/iHope/.rvm/rubies/ruby-1.8.7-p249/lib/ruby/1.8/webrick/server.rb:95:in `start'
  /Users/iHope/.rvm/rubies/ruby-1.8.7-p249/lib/ruby/1.8/webrick/server.rb:92:in `each'
  /Users/iHope/.rvm/rubies/ruby-1.8.7-p249/lib/ruby/1.8/webrick/server.rb:92:in `start'
  /Users/iHope/.rvm/rubies/ruby-1.8.7-p249/lib/ruby/1.8/webrick/server.rb:23:in `start'
  /Users/iHope/.rvm/rubies/ruby-1.8.7-p249/lib/ruby/1.8/webrick/server.rb:82:in `start'

Rendering rescues/layout (not_found)


Processing StaticController#index (for 127.0.0.1 at 2010-05-06 21:05:42) [GET]
Rendering template within layouts/application
Rendering static/index
Completed in 11ms (View: 10, DB: 0) | 200 OK [http://localhost/]


Processing ApplicationController#index (for 127.0.0.1 at 2010-05-06 21:05:42) [GET]

ActionController::RoutingError (No route matches "/dropdown.js" with {:method=>:get}):
  /Users/iHope/.rvm/rubies/ruby-1.8.7-p249/lib/ruby/1.8/webrick/httpserver.rb:104:in `service'
  /Users/iHope/.rvm/rubies/ruby-1.8.7-p249/lib/ruby/1.8/webrick/httpserver.rb:65:in `run'
  /Users/iHope/.rvm/rubies/ruby-1.8.7-p249/lib/ruby/1.8/webrick/server.rb:173:in `start_thread'
  /Users/iHope/.rvm/rubies/ruby-1.8.7-p249/lib/ruby/1.8/webrick/server.rb:162:in `start'
  /Users/iHope/.rvm/rubies/ruby-1.8.7-p249/lib/ruby/1.8/webrick/server.rb:162:in `start_thread'
  /Users/iHope/.rvm/rubies/ruby-1.8.7-p249/lib/ruby/1.8/webrick/server.rb:95:in `start'
  /Users/iHope/.rvm/rubies/ruby-1.8.7-p249/lib/ruby/1.8/webrick/server.rb:92:in `each'
  /Users/iHope/.rvm/rubies/ruby-1.8.7-p249/lib/ruby/1.8/webrick/server.rb:92:in `start'
  /Users/iHope/.rvm/rubies/ruby-1.8.7-p249/lib/ruby/1.8/webrick/server.rb:23:in `start'
  /Users/iHope/.rvm/rubies/ruby-1.8.7-p249/lib/ruby/1.8/webrick/server.rb:82:in `start'

Rendering rescues/layout (not_found)


Processing ApplicationController#index (for 127.0.0.1 at 2010-05-06 21:05:46) [GET]

ActionController::RoutingError (No route matches "/ministries/christianeducation.html" with {:method=>:get}):
  /Users/iHope/.rvm/rubies/ruby-1.8.7-p249/lib/ruby/1.8/webrick/httpserver.rb:104:in `service'
  /Users/iHope/.rvm/rubies/ruby-1.8.7-p249/lib/ruby/1.8/webrick/httpserver.rb:65:in `run'
  /Users/iHope/.rvm/rubies/ruby-1.8.7-p249/lib/ruby/1.8/webrick/server.rb:173:in `start_thread'
  /Users/iHope/.rvm/rubies/ruby-1.8.7-p249/lib/ruby/1.8/webrick/server.rb:162:in `start'
  /Users/iHope/.rvm/rubies/ruby-1.8.7-p249/lib/ruby/1.8/webrick/server.rb:162:in `start_thread'
  /Users/iHope/.rvm/rubies/ruby-1.8.7-p249/lib/ruby/1.8/webrick/server.rb:95:in `start'
  /Users/iHope/.rvm/rubies/ruby-1.8.7-p249/lib/ruby/1.8/webrick/server.rb:92:in `each'
  /Users/iHope/.rvm/rubies/ruby-1.8.7-p249/lib/ruby/1.8/webrick/server.rb:92:in `start'
  /Users/iHope/.rvm/rubies/ruby-1.8.7-p249/lib/ruby/1.8/webrick/server.rb:23:in `start'
  /Users/iHope/.rvm/rubies/ruby-1.8.7-p249/lib/ruby/1.8/webrick/server.rb:82:in `start'

Rendering rescues/layout (not_found)


Processing MinistriesController#christianeducation to html (for 127.0.0.1 at 2010-05-06 21:06:53) [GET]
Rendering template within layouts/application
Rendering ministries/christianeducation
Completed in 39ms (View: 38, DB: 0) | 200 OK [http://localhost/ministries/christianeducation.html]


Processing MinistriesController#dropdown to js (for 127.0.0.1 at 2010-05-06 21:06:53) [GET]

ActionController::UnknownAction (No action responded to dropdown. Actions: ):
  /Users/iHope/.rvm/rubies/ruby-1.8.7-p249/lib/ruby/1.8/webrick/httpserver.rb:104:in `service'
  /Users/iHope/.rvm/rubies/ruby-1.8.7-p249/lib/ruby/1.8/webrick/httpserver.rb:65:in `run'
  /Users/iHope/.rvm/rubies/ruby-1.8.7-p249/lib/ruby/1.8/webrick/server.rb:173:in `start_thread'
  /Users/iHope/.rvm/rubies/ruby-1.8.7-p249/lib/ruby/1.8/webrick/server.rb:162:in `start'
  /Users/iHope/.rvm/rubies/ruby-1.8.7-p249/lib/ruby/1.8/webrick/server.rb:162:in `start_thread'
  /Users/iHope/.rvm/rubies/ruby-1.8.7-p249/lib/ruby/1.8/webrick/server.rb:95:in `start'
  /Users/iHope/.rvm/rubies/ruby-1.8.7-p249/lib/ruby/1.8/webrick/server.rb:92:in `each'
  /Users/iHope/.rvm/rubies/ruby-1.8.7-p249/lib/ruby/1.8/webrick/server.rb:92:in `start'
  /Users/iHope/.rvm/rubies/ruby-1.8.7-p249/lib/ruby/1.8/webrick/server.rb:23:in `start'
  /Users/iHope/.rvm/rubies/ruby-1.8.7-p249/lib/ruby/1.8/webrick/server.rb:82:in `start'

Rendering rescues/layout (not_found)


Processing StaticController#index to html (for 127.0.0.1 at 2010-05-06 21:06:57) [GET]
Rendering template within layouts/application
Rendering static/index
Completed in 3ms (View: 1, DB: 0) | 200 OK [http://localhost/index.html]


Processing StaticController#dropdown to js (for 127.0.0.1 at 2010-05-06 21:06:57) [GET]

ActionController::UnknownAction (No action responded to dropdown. Actions: ):
  /Users/iHope/.rvm/rubies/ruby-1.8.7-p249/lib/ruby/1.8/webrick/httpserver.rb:104:in `service'
  /Users/iHope/.rvm/rubies/ruby-1.8.7-p249/lib/ruby/1.8/webrick/httpserver.rb:65:in `run'
  /Users/iHope/.rvm/rubies/ruby-1.8.7-p249/lib/ruby/1.8/webrick/server.rb:173:in `start_thread'
  /Users/iHope/.rvm/rubies/ruby-1.8.7-p249/lib/ruby/1.8/webrick/server.rb:162:in `start'
  /Users/iHope/.rvm/rubies/ruby-1.8.7-p249/lib/ruby/1.8/webrick/server.rb:162:in `start_thread'
  /Users/iHope/.rvm/rubies/ruby-1.8.7-p249/lib/ruby/1.8/webrick/server.rb:95:in `start'
  /Users/iHope/.rvm/rubies/ruby-1.8.7-p249/lib/ruby/1.8/webrick/server.rb:92:in `each'
  /Users/iHope/.rvm/rubies/ruby-1.8.7-p249/lib/ruby/1.8/webrick/server.rb:92:in `start'
  /Users/iHope/.rvm/rubies/ruby-1.8.7-p249/lib/ruby/1.8/webrick/server.rb:23:in `start'
  /Users/iHope/.rvm/rubies/ruby-1.8.7-p249/lib/ruby/1.8/webrick/server.rb:82:in `start'

Rendering rescues/layout (not_found)


Processing MinistriesController#christianeducation to html (for 127.0.0.1 at 2010-05-06 21:07:01) [GET]
Rendering template within layouts/application
Rendering ministries/christianeducation
Completed in 3ms (View: 1, DB: 0) | 200 OK [http://localhost/ministries/christianeducation.html]


Processing MinistriesController#dropdown to js (for 127.0.0.1 at 2010-05-06 21:07:01) [GET]

ActionController::UnknownAction (No action responded to dropdown. Actions: ):
  /Users/iHope/.rvm/rubies/ruby-1.8.7-p249/lib/ruby/1.8/webrick/httpserver.rb:104:in `service'
  /Users/iHope/.rvm/rubies/ruby-1.8.7-p249/lib/ruby/1.8/webrick/httpserver.rb:65:in `run'
  /Users/iHope/.rvm/rubies/ruby-1.8.7-p249/lib/ruby/1.8/webrick/server.rb:173:in `start_thread'
  /Users/iHope/.rvm/rubies/ruby-1.8.7-p249/lib/ruby/1.8/webrick/server.rb:162:in `start'
  /Users/iHope/.rvm/rubies/ruby-1.8.7-p249/lib/ruby/1.8/webrick/server.rb:162:in `start_thread'
  /Users/iHope/.rvm/rubies/ruby-1.8.7-p249/lib/ruby/1.8/webrick/server.rb:95:in `start'
  /Users/iHope/.rvm/rubies/ruby-1.8.7-p249/lib/ruby/1.8/webrick/server.rb:92:in `each'
  /Users/iHope/.rvm/rubies/ruby-1.8.7-p249/lib/ruby/1.8/webrick/server.rb:92:in `start'
  /Users/iHope/.rvm/rubies/ruby-1.8.7-p249/lib/ruby/1.8/webrick/server.rb:23:in `start'
  /Users/iHope/.rvm/rubies/ruby-1.8.7-p249/lib/ruby/1.8/webrick/server.rb:82:in `start'

Rendering rescues/layout (not_found)


Processing StaticController#index to html (for 127.0.0.1 at 2010-05-06 21:07:02) [GET]
Rendering template within layouts/application
Rendering static/index
Completed in 3ms (View: 1, DB: 0) | 200 OK [http://localhost/index.html]


Processing StaticController#dropdown to js (for 127.0.0.1 at 2010-05-06 21:07:02) [GET]

ActionController::UnknownAction (No action responded to dropdown. Actions: ):
  /Users/iHope/.rvm/rubies/ruby-1.8.7-p249/lib/ruby/1.8/webrick/httpserver.rb:104:in `service'
  /Users/iHope/.rvm/rubies/ruby-1.8.7-p249/lib/ruby/1.8/webrick/httpserver.rb:65:in `run'
  /Users/iHope/.rvm/rubies/ruby-1.8.7-p249/lib/ruby/1.8/webrick/server.rb:173:in `start_thread'
  /Users/iHope/.rvm/rubies/ruby-1.8.7-p249/lib/ruby/1.8/webrick/server.rb:162:in `start'
  /Users/iHope/.rvm/rubies/ruby-1.8.7-p249/lib/ruby/1.8/webrick/server.rb:162:in `start_thread'
  /Users/iHope/.rvm/rubies/ruby-1.8.7-p249/lib/ruby/1.8/webrick/server.rb:95:in `start'
  /Users/iHope/.rvm/rubies/ruby-1.8.7-p249/lib/ruby/1.8/webrick/server.rb:92:in `each'
  /Users/iHope/.rvm/rubies/ruby-1.8.7-p249/lib/ruby/1.8/webrick/server.rb:92:in `start'
  /Users/iHope/.rvm/rubies/ruby-1.8.7-p249/lib/ruby/1.8/webrick/server.rb:23:in `start'
  /Users/iHope/.rvm/rubies/ruby-1.8.7-p249/lib/ruby/1.8/webrick/server.rb:82:in `start'

Rendering rescues/layout (not_found)


Processing MinistriesController#christianeducation to html (for 127.0.0.1 at 2010-05-06 21:07:04) [GET]
Rendering template within layouts/application
Rendering ministries/christianeducation
Completed in 3ms (View: 1, DB: 0) | 200 OK [http://localhost/ministries/christianeducation.html]


Processing MinistriesController#dropdown to js (for 127.0.0.1 at 2010-05-06 21:07:04) [GET]

ActionController::UnknownAction (No action responded to dropdown. Actions: ):
  /Users/iHope/.rvm/rubies/ruby-1.8.7-p249/lib/ruby/1.8/webrick/httpserver.rb:104:in `service'
  /Users/iHope/.rvm/rubies/ruby-1.8.7-p249/lib/ruby/1.8/webrick/httpserver.rb:65:in `run'
  /Users/iHope/.rvm/rubies/ruby-1.8.7-p249/lib/ruby/1.8/webrick/server.rb:173:in `start_thread'
  /Users/iHope/.rvm/rubies/ruby-1.8.7-p249/lib/ruby/1.8/webrick/server.rb:162:in `start'
  /Users/iHope/.rvm/rubies/ruby-1.8.7-p249/lib/ruby/1.8/webrick/server.rb:162:in `start_thread'
  /Users/iHope/.rvm/rubies/ruby-1.8.7-p249/lib/ruby/1.8/webrick/server.rb:95:in `start'
  /Users/iHope/.rvm/rubies/ruby-1.8.7-p249/lib/ruby/1.8/webrick/server.rb:92:in `each'
  /Users/iHope/.rvm/rubies/ruby-1.8.7-p249/lib/ruby/1.8/webrick/server.rb:92:in `start'
  /Users/iHope/.rvm/rubies/ruby-1.8.7-p249/lib/ruby/1.8/webrick/server.rb:23:in `start'
  /Users/iHope/.rvm/rubies/ruby-1.8.7-p249/lib/ruby/1.8/webrick/server.rb:82:in `start'

Rendering rescues/layout (not_found)


Processing StaticController#index to html (for 127.0.0.1 at 2010-05-06 21:07:05) [GET]
Rendering template within layouts/application
Rendering static/index
Completed in 2ms (View: 1, DB: 0) | 200 OK [http://localhost/index.html]


Processing StaticController#dropdown to js (for 127.0.0.1 at 2010-05-06 21:07:05) [GET]

ActionController::UnknownAction (No action responded to dropdown. Actions: ):
  /Users/iHope/.rvm/rubies/ruby-1.8.7-p249/lib/ruby/1.8/webrick/httpserver.rb:104:in `service'
  /Users/iHope/.rvm/rubies/ruby-1.8.7-p249/lib/ruby/1.8/webrick/httpserver.rb:65:in `run'
  /Users/iHope/.rvm/rubies/ruby-1.8.7-p249/lib/ruby/1.8/webrick/server.rb:173:in `start_thread'
  /Users/iHope/.rvm/rubies/ruby-1.8.7-p249/lib/ruby/1.8/webrick/server.rb:162:in `start'
  /Users/iHope/.rvm/rubies/ruby-1.8.7-p249/lib/ruby/1.8/webrick/server.rb:162:in `start_thread'
  /Users/iHope/.rvm/rubies/ruby-1.8.7-p249/lib/ruby/1.8/webrick/server.rb:95:in `start'
  /Users/iHope/.rvm/rubies/ruby-1.8.7-p249/lib/ruby/1.8/webrick/server.rb:92:in `each'
  /Users/iHope/.rvm/rubies/ruby-1.8.7-p249/lib/ruby/1.8/webrick/server.rb:92:in `start'
  /Users/iHope/.rvm/rubies/ruby-1.8.7-p249/lib/ruby/1.8/webrick/server.rb:23:in `start'
  /Users/iHope/.rvm/rubies/ruby-1.8.7-p249/lib/ruby/1.8/webrick/server.rb:82:in `start'

Rendering rescues/layout (not_found)


Processing ApplicationController#index (for 127.0.0.1 at 2010-05-06 21:07:14) [GET]

ActionController::RoutingError (No route matches "/messenger/April2010.pdf" with {:method=>:get}):
  /Users/iHope/.rvm/rubies/ruby-1.8.7-p249/lib/ruby/1.8/webrick/httpserver.rb:104:in `service'
  /Users/iHope/.rvm/rubies/ruby-1.8.7-p249/lib/ruby/1.8/webrick/httpserver.rb:65:in `run'
  /Users/iHope/.rvm/rubies/ruby-1.8.7-p249/lib/ruby/1.8/webrick/server.rb:173:in `start_thread'
  /Users/iHope/.rvm/rubies/ruby-1.8.7-p249/lib/ruby/1.8/webrick/server.rb:162:in `start'
  /Users/iHope/.rvm/rubies/ruby-1.8.7-p249/lib/ruby/1.8/webrick/server.rb:162:in `start_thread'
  /Users/iHope/.rvm/rubies/ruby-1.8.7-p249/lib/ruby/1.8/webrick/server.rb:95:in `start'
  /Users/iHope/.rvm/rubies/ruby-1.8.7-p249/lib/ruby/1.8/webrick/server.rb:92:in `each'
  /Users/iHope/.rvm/rubies/ruby-1.8.7-p249/lib/ruby/1.8/webrick/server.rb:92:in `start'
  /Users/iHope/.rvm/rubies/ruby-1.8.7-p249/lib/ruby/1.8/webrick/server.rb:23:in `start'
  /Users/iHope/.rvm/rubies/ruby-1.8.7-p249/lib/ruby/1.8/webrick/server.rb:82:in `start'

Rendering rescues/layout (not_found)


Processing StaticController#index to html (for 127.0.0.1 at 2010-05-06 21:08:05) [GET]
Rendering template within layouts/application
Rendering static/index
Completed in 3ms (View: 1, DB: 0) | 200 OK [http://localhost/index.html]


Processing StaticController#dropdown to js (for 127.0.0.1 at 2010-05-06 21:08:05) [GET]

ActionController::UnknownAction (No action responded to dropdown. Actions: ):
  /Users/iHope/.rvm/rubies/ruby-1.8.7-p249/lib/ruby/1.8/webrick/httpserver.rb:104:in `service'
  /Users/iHope/.rvm/rubies/ruby-1.8.7-p249/lib/ruby/1.8/webrick/httpserver.rb:65:in `run'
  /Users/iHope/.rvm/rubies/ruby-1.8.7-p249/lib/ruby/1.8/webrick/server.rb:173:in `start_thread'
  /Users/iHope/.rvm/rubies/ruby-1.8.7-p249/lib/ruby/1.8/webrick/server.rb:162:in `start'
  /Users/iHope/.rvm/rubies/ruby-1.8.7-p249/lib/ruby/1.8/webrick/server.rb:162:in `start_thread'
  /Users/iHope/.rvm/rubies/ruby-1.8.7-p249/lib/ruby/1.8/webrick/server.rb:95:in `start'
  /Users/iHope/.rvm/rubies/ruby-1.8.7-p249/lib/ruby/1.8/webrick/server.rb:92:in `each'
  /Users/iHope/.rvm/rubies/ruby-1.8.7-p249/lib/ruby/1.8/webrick/server.rb:92:in `start'
  /Users/iHope/.rvm/rubies/ruby-1.8.7-p249/lib/ruby/1.8/webrick/server.rb:23:in `start'
  /Users/iHope/.rvm/rubies/ruby-1.8.7-p249/lib/ruby/1.8/webrick/server.rb:82:in `start'

Rendering rescues/layout (not_found)


Processing ApplicationController#index (for 127.0.0.1 at 2010-05-06 21:08:07) [GET]

ActionController::RoutingError (No route matches "/messenger/April2010.pdf" with {:method=>:get}):
  /Users/iHope/.rvm/rubies/ruby-1.8.7-p249/lib/ruby/1.8/webrick/httpserver.rb:104:in `service'
  /Users/iHope/.rvm/rubies/ruby-1.8.7-p249/lib/ruby/1.8/webrick/httpserver.rb:65:in `run'
  /Users/iHope/.rvm/rubies/ruby-1.8.7-p249/lib/ruby/1.8/webrick/server.rb:173:in `start_thread'
  /Users/iHope/.rvm/rubies/ruby-1.8.7-p249/lib/ruby/1.8/webrick/server.rb:162:in `start'
  /Users/iHope/.rvm/rubies/ruby-1.8.7-p249/lib/ruby/1.8/webrick/server.rb:162:in `start_thread'
  /Users/iHope/.rvm/rubies/ruby-1.8.7-p249/lib/ruby/1.8/webrick/server.rb:95:in `start'
  /Users/iHope/.rvm/rubies/ruby-1.8.7-p249/lib/ruby/1.8/webrick/server.rb:92:in `each'
  /Users/iHope/.rvm/rubies/ruby-1.8.7-p249/lib/ruby/1.8/webrick/server.rb:92:in `start'
  /Users/iHope/.rvm/rubies/ruby-1.8.7-p249/lib/ruby/1.8/webrick/server.rb:23:in `start'
  /Users/iHope/.rvm/rubies/ruby-1.8.7-p249/lib/ruby/1.8/webrick/server.rb:82:in `start'

Rendering rescues/layout (not_found)


Processing ApplicationController#index (for 127.0.0.1 at 2010-05-06 21:09:16) [GET]

ActionController::RoutingError (No route matches "/messenger/April2010.pdf" with {:method=>:get}):
  /Users/iHope/.rvm/rubies/ruby-1.8.7-p249/lib/ruby/1.8/webrick/httpserver.rb:104:in `service'
  /Users/iHope/.rvm/rubies/ruby-1.8.7-p249/lib/ruby/1.8/webrick/httpserver.rb:65:in `run'
  /Users/iHope/.rvm/rubies/ruby-1.8.7-p249/lib/ruby/1.8/webrick/server.rb:173:in `start_thread'
  /Users/iHope/.rvm/rubies/ruby-1.8.7-p249/lib/ruby/1.8/webrick/server.rb:162:in `start'
  /Users/iHope/.rvm/rubies/ruby-1.8.7-p249/lib/ruby/1.8/webrick/server.rb:162:in `start_thread'
  /Users/iHope/.rvm/rubies/ruby-1.8.7-p249/lib/ruby/1.8/webrick/server.rb:95:in `start'
  /Users/iHope/.rvm/rubies/ruby-1.8.7-p249/lib/ruby/1.8/webrick/server.rb:92:in `each'
  /Users/iHope/.rvm/rubies/ruby-1.8.7-p249/lib/ruby/1.8/webrick/server.rb:92:in `start'
  /Users/iHope/.rvm/rubies/ruby-1.8.7-p249/lib/ruby/1.8/webrick/server.rb:23:in `start'
  /Users/iHope/.rvm/rubies/ruby-1.8.7-p249/lib/ruby/1.8/webrick/server.rb:82:in `start'

Rendering rescues/layout (not_found)


Processing ApplicationController#index (for 127.0.0.1 at 2010-05-06 21:09:21) [GET]

ActionController::RoutingError (No route matches "/messenger/April2010.pdf" with {:method=>:get}):
  /Users/iHope/.rvm/rubies/ruby-1.8.7-p249/lib/ruby/1.8/webrick/httpserver.rb:104:in `service'
  /Users/iHope/.rvm/rubies/ruby-1.8.7-p249/lib/ruby/1.8/webrick/httpserver.rb:65:in `run'
  /Users/iHope/.rvm/rubies/ruby-1.8.7-p249/lib/ruby/1.8/webrick/server.rb:173:in `start_thread'
  /Users/iHope/.rvm/rubies/ruby-1.8.7-p249/lib/ruby/1.8/webrick/server.rb:162:in `start'
  /Users/iHope/.rvm/rubies/ruby-1.8.7-p249/lib/ruby/1.8/webrick/server.rb:162:in `start_thread'
  /Users/iHope/.rvm/rubies/ruby-1.8.7-p249/lib/ruby/1.8/webrick/server.rb:95:in `start'
  /Users/iHope/.rvm/rubies/ruby-1.8.7-p249/lib/ruby/1.8/webrick/server.rb:92:in `each'
  /Users/iHope/.rvm/rubies/ruby-1.8.7-p249/lib/ruby/1.8/webrick/server.rb:92:in `start'
  /Users/iHope/.rvm/rubies/ruby-1.8.7-p249/lib/ruby/1.8/webrick/server.rb:23:in `start'
  /Users/iHope/.rvm/rubies/ruby-1.8.7-p249/lib/ruby/1.8/webrick/server.rb:82:in `start'

Rendering rescues/layout (not_found)
